ARM GAS  C:\Users\quiqu\AppData\Local\Temp\ccJwBl65.s 			page 1


   1              		.syntax unified
   2              		.cpu cortex-m3
   3              		.fpu softvfp
   4              		.eabi_attribute 20, 1
   5              		.eabi_attribute 21, 1
   6              		.eabi_attribute 23, 3
   7              		.eabi_attribute 24, 1
   8              		.eabi_attribute 25, 1
   9              		.eabi_attribute 26, 1
  10              		.eabi_attribute 30, 1
  11              		.eabi_attribute 34, 1
  12              		.eabi_attribute 18, 4
  13              		.thumb
  14              		.syntax unified
  15              		.file	"cymetadata.c"
  16              		.text
  17              	.Ltext0:
  18              		.cfi_sections	.debug_frame
  19              		.global	cy_metadata
  20              		.global	cy_meta_flashprotect
  21              		.global	cy_meta_wonvl
  22              		.global	cy_meta_custnvl
  23              		.global	cy_meta_configecc
  24              		.section	.cyconfigecc,"a",%progbits
  25              		.align	2
  26              		.type	cy_meta_configecc, %object
  27              		.size	cy_meta_configecc, 256
  28              	cy_meta_configecc:
  29 0000 02       		.byte	2
  30 0001 4F       		.byte	79
  31 0002 00       		.byte	0
  32 0003 40       		.byte	64
  33 0004 02       		.byte	2
  34 0005 52       		.byte	82
  35 0006 00       		.byte	0
  36 0007 40       		.byte	64
  37 0008 06       		.byte	6
  38 0009 07       		.byte	7
  39 000a 01       		.byte	1
  40 000b 40       		.byte	64
  41 000c 16       		.byte	22
  42 000d 14       		.byte	20
  43 000e 01       		.byte	1
  44 000f 40       		.byte	64
  45 0010 17       		.byte	23
  46 0011 15       		.byte	21
  47 0012 01       		.byte	1
  48 0013 40       		.byte	64
  49 0014 04       		.byte	4
  50 0015 17       		.byte	23
  51 0016 01       		.byte	1
  52 0017 40       		.byte	64
  53 0018 04       		.byte	4
  54 0019 41       		.byte	65
  55 001a 01       		.byte	1
  56 001b 40       		.byte	64
  57 001c 08       		.byte	8
ARM GAS  C:\Users\quiqu\AppData\Local\Temp\ccJwBl65.s 			page 2


  58 001d 42       		.byte	66
  59 001e 01       		.byte	1
  60 001f 40       		.byte	64
  61 0020 07       		.byte	7
  62 0021 43       		.byte	67
  63 0022 01       		.byte	1
  64 0023 40       		.byte	64
  65 0024 08       		.byte	8
  66 0025 48       		.byte	72
  67 0026 01       		.byte	1
  68 0027 40       		.byte	64
  69 0028 07       		.byte	7
  70 0029 49       		.byte	73
  71 002a 01       		.byte	1
  72 002b 40       		.byte	64
  73 002c 02       		.byte	2
  74 002d 50       		.byte	80
  75 002e 01       		.byte	1
  76 002f 40       		.byte	64
  77 0030 0A       		.byte	10
  78 0031 36       		.byte	54
  79 0032 16       		.byte	22
  80 0033 36       		.byte	54
  81 0034 00       		.byte	0
  82 0035 02       		.byte	2
  83 0036 01       		.byte	1
  84 0037 02       		.byte	2
  85 0038 9B       		.byte	-101
  86 0039 08       		.byte	8
  87 003a A0       		.byte	-96
  88 003b 08       		.byte	8
  89 003c A3       		.byte	-93
  90 003d 10       		.byte	16
  91 003e A8       		.byte	-88
  92 003f 08       		.byte	8
  93 0040 AB       		.byte	-85
  94 0041 10       		.byte	16
  95 0042 AF       		.byte	-81
  96 0043 08       		.byte	8
  97 0044 2A       		.byte	42
  98 0045 01       		.byte	1
  99 0046 36       		.byte	54
 100 0047 01       		.byte	1
 101 0048 58       		.byte	88
 102 0049 04       		.byte	4
 103 004a 5F       		.byte	95
 104 004b 01       		.byte	1
 105 004c 84       		.byte	-124
 106 004d 04       		.byte	4
 107 004e 86       		.byte	-122
 108 004f 18       		.byte	24
 109 0050 8B       		.byte	-117
 110 0051 01       		.byte	1
 111 0052 94       		.byte	-108
 112 0053 03       		.byte	3
 113 0054 96       		.byte	-106
 114 0055 20       		.byte	32
ARM GAS  C:\Users\quiqu\AppData\Local\Temp\ccJwBl65.s 			page 3


 115 0056 98       		.byte	-104
 116 0057 08       		.byte	8
 117 0058 9A       		.byte	-102
 118 0059 06       		.byte	6
 119 005a A4       		.byte	-92
 120 005b 30       		.byte	48
 121 005c A6       		.byte	-90
 122 005d 01       		.byte	1
 123 005e B0       		.byte	-80
 124 005f 0C       		.byte	12
 125 0060 B2       		.byte	-78
 126 0061 30       		.byte	48
 127 0062 B4       		.byte	-76
 128 0063 03       		.byte	3
 129 0064 B5       		.byte	-75
 130 0065 01       		.byte	1
 131 0066 B6       		.byte	-74
 132 0067 04       		.byte	4
 133 0068 BE       		.byte	-66
 134 0069 41       		.byte	65
 135 006a D8       		.byte	-40
 136 006b 04       		.byte	4
 137 006c D9       		.byte	-39
 138 006d 04       		.byte	4
 139 006e DF       		.byte	-33
 140 006f 01       		.byte	1
 141 0070 05       		.byte	5
 142 0071 04       		.byte	4
 143 0072 0C       		.byte	12
 144 0073 08       		.byte	8
 145 0074 0E       		.byte	14
 146 0075 08       		.byte	8
 147 0076 10       		.byte	16
 148 0077 08       		.byte	8
 149 0078 17       		.byte	23
 150 0079 08       		.byte	8
 151 007a 1A       		.byte	26
 152 007b 01       		.byte	1
 153 007c 1D       		.byte	29
 154 007d 84       		.byte	-124
 155 007e 1E       		.byte	30
 156 007f 08       		.byte	8
 157 0080 1F       		.byte	31
 158 0081 01       		.byte	1
 159 0082 27       		.byte	39
 160 0083 04       		.byte	4
 161 0084 3F       		.byte	63
 162 0085 20       		.byte	32
 163 0086 86       		.byte	-122
 164 0087 01       		.byte	1
 165 0088 8F       		.byte	-113
 166 0089 05       		.byte	5
 167 008a 9B       		.byte	-101
 168 008b 08       		.byte	8
 169 008c A0       		.byte	-96
 170 008d 08       		.byte	8
 171 008e A3       		.byte	-93
ARM GAS  C:\Users\quiqu\AppData\Local\Temp\ccJwBl65.s 			page 4


 172 008f 10       		.byte	16
 173 0090 A5       		.byte	-91
 174 0091 80       		.byte	-128
 175 0092 C0       		.byte	-64
 176 0093 20       		.byte	32
 177 0094 C2       		.byte	-62
 178 0095 60       		.byte	96
 179 0096 C4       		.byte	-60
 180 0097 22       		.byte	34
 181 0098 CE       		.byte	-50
 182 0099 20       		.byte	32
 183 009a E2       		.byte	-30
 184 009b 40       		.byte	64
 185 009c E6       		.byte	-26
 186 009d 10       		.byte	16
 187 009e 81       		.byte	-127
 188 009f 80       		.byte	-128
 189 00a0 9B       		.byte	-101
 190 00a1 08       		.byte	8
 191 00a2 A0       		.byte	-96
 192 00a3 08       		.byte	8
 193 00a4 A3       		.byte	-93
 194 00a5 10       		.byte	16
 195 00a6 50       		.byte	80
 196 00a7 04       		.byte	4
 197 00a8 56       		.byte	86
 198 00a9 02       		.byte	2
 199 00aa D4       		.byte	-44
 200 00ab 20       		.byte	32
 201 00ac D6       		.byte	-42
 202 00ad 20       		.byte	32
 203 00ae 12       		.byte	18
 204 00af 60       		.byte	96
 205 00b0 17       		.byte	23
 206 00b1 04       		.byte	4
 207 00b2 5B       		.byte	91
 208 00b3 04       		.byte	4
 209 00b4 66       		.byte	102
 210 00b5 40       		.byte	64
 211 00b6 94       		.byte	-108
 212 00b7 08       		.byte	8
 213 00b8 9E       		.byte	-98
 214 00b9 02       		.byte	2
 215 00ba C4       		.byte	-60
 216 00bb 30       		.byte	48
 217 00bc D6       		.byte	-42
 218 00bd C0       		.byte	-64
 219 00be 94       		.byte	-108
 220 00bf 08       		.byte	8
 221 00c0 9E       		.byte	-98
 222 00c1 02       		.byte	2
 223 00c2 AA       		.byte	-86
 224 00c3 20       		.byte	32
 225 00c4 AB       		.byte	-85
 226 00c5 04       		.byte	4
 227 00c6 AE       		.byte	-82
 228 00c7 40       		.byte	64
ARM GAS  C:\Users\quiqu\AppData\Local\Temp\ccJwBl65.s 			page 5


 229 00c8 E8       		.byte	-24
 230 00c9 90       		.byte	-112
 231 00ca EC       		.byte	-20
 232 00cb 80       		.byte	-128
 233 00cc 67       		.byte	103
 234 00cd 10       		.byte	16
 235 00ce 68       		.byte	104
 236 00cf 08       		.byte	8
 237 00d0 80       		.byte	-128
 238 00d1 04       		.byte	4
 239 00d2 94       		.byte	-108
 240 00d3 08       		.byte	8
 241 00d4 9E       		.byte	-98
 242 00d5 02       		.byte	2
 243 00d6 D8       		.byte	-40
 244 00d7 80       		.byte	-128
 245 00d8 DA       		.byte	-38
 246 00d9 40       		.byte	64
 247 00da E6       		.byte	-26
 248 00db 80       		.byte	-128
 249 00dc 87       		.byte	-121
 250 00dd 10       		.byte	16
 251 00de 8C       		.byte	-116
 252 00df 08       		.byte	8
 253 00e0 8E       		.byte	-114
 254 00e1 02       		.byte	2
 255 00e2 97       		.byte	-105
 256 00e3 10       		.byte	16
 257 00e4 9E       		.byte	-98
 258 00e5 02       		.byte	2
 259 00e6 A4       		.byte	-92
 260 00e7 08       		.byte	8
 261 00e8 E2       		.byte	-30
 262 00e9 10       		.byte	16
 263 00ea 10       		.byte	16
 264 00eb 01       		.byte	1
 265 00ec 1A       		.byte	26
 266 00ed 01       		.byte	1
 267 00ee 00       		.byte	0
 268 00ef 00       		.byte	0
 269 00f0 00       		.byte	0
 270 00f1 03       		.byte	3
 271 00f2 03       		.byte	3
 272 00f3 00       		.byte	0
 273 00f4 03       		.byte	3
 274 00f5 00       		.byte	0
 275 00f6 00       		.byte	0
 276 00f7 00       		.byte	0
 277 00f8 00       		.byte	0
 278 00f9 0B       		.byte	11
 279 00fa 0B       		.byte	11
 280 00fb 00       		.byte	0
 281 00fc 00       		.byte	0
 282 00fd 00       		.byte	0
 283 00fe 00       		.byte	0
 284 00ff 00       		.byte	0
 285              		.section	.cywolatch,"a",%progbits
ARM GAS  C:\Users\quiqu\AppData\Local\Temp\ccJwBl65.s 			page 6


 286              		.align	2
 287              		.type	cy_meta_wonvl, %object
 288              		.size	cy_meta_wonvl, 4
 289              	cy_meta_wonvl:
 290 0000 BC       		.byte	-68
 291 0001 90       		.byte	-112
 292 0002 AC       		.byte	-84
 293 0003 AF       		.byte	-81
 294              		.section	.cycustnvl,"a",%progbits
 295              		.align	2
 296              		.type	cy_meta_custnvl, %object
 297              		.size	cy_meta_custnvl, 4
 298              	cy_meta_custnvl:
 299 0000 00       		.byte	0
 300 0001 00       		.byte	0
 301 0002 40       		.byte	64
 302 0003 05       		.byte	5
 303              		.section	.cymeta,"a",%progbits
 304              		.align	2
 305              		.type	cy_metadata, %object
 306              		.size	cy_metadata, 12
 307              	cy_metadata:
 308 0000 00       		.byte	0
 309 0001 01       		.byte	1
 310 0002 2E       		.byte	46
 311 0003 16       		.byte	22
 312 0004 10       		.byte	16
 313 0005 69       		.byte	105
 314 0006 00       		.byte	0
 315 0007 01       		.byte	1
 316 0008 00       		.byte	0
 317 0009 00       		.byte	0
 318 000a 00       		.byte	0
 319 000b 00       		.byte	0
 320              		.section	.cyflashprotect,"a",%progbits
 321              		.align	2
 322              		.type	cy_meta_flashprotect, %object
 323              		.size	cy_meta_flashprotect, 256
 324              	cy_meta_flashprotect:
 325 0000 00000000 		.space	256
 325      00000000 
 325      00000000 
 325      00000000 
 325      00000000 
 326              		.text
 327              	.Letext0:
 328              		.file 1 "c:\\program files (x86)\\cypress\\psoc creator\\4.1\\psoc creator\\import\\gnu\\arm\\5.4.
 329              		.file 2 "c:\\program files (x86)\\cypress\\psoc creator\\4.1\\psoc creator\\import\\gnu\\arm\\5.4.
 330              		.file 3 "Generated_Source\\PSoC5\\cymetadata.c"
 331              		.section	.debug_info,"",%progbits
 332              	.Ldebug_info0:
 333 0000 20010000 		.4byte	0x120
 334 0004 0400     		.2byte	0x4
 335 0006 00000000 		.4byte	.Ldebug_abbrev0
 336 000a 04       		.byte	0x4
 337 000b 01       		.uleb128 0x1
 338 000c 48000000 		.4byte	.LASF17
ARM GAS  C:\Users\quiqu\AppData\Local\Temp\ccJwBl65.s 			page 7


 339 0010 0C       		.byte	0xc
 340 0011 A2010000 		.4byte	.LASF18
 341 0015 00000000 		.4byte	.LASF19
 342 0019 00000000 		.4byte	.Ldebug_line0
 343 001d 02       		.uleb128 0x2
 344 001e 01       		.byte	0x1
 345 001f 06       		.byte	0x6
 346 0020 96010000 		.4byte	.LASF0
 347 0024 03       		.uleb128 0x3
 348 0025 24000000 		.4byte	.LASF9
 349 0029 01       		.byte	0x1
 350 002a 1D       		.byte	0x1d
 351 002b 2F000000 		.4byte	0x2f
 352 002f 02       		.uleb128 0x2
 353 0030 01       		.byte	0x1
 354 0031 08       		.byte	0x8
 355 0032 3A000000 		.4byte	.LASF1
 356 0036 02       		.uleb128 0x2
 357 0037 02       		.byte	0x2
 358 0038 05       		.byte	0x5
 359 0039 83010000 		.4byte	.LASF2
 360 003d 02       		.uleb128 0x2
 361 003e 02       		.byte	0x2
 362 003f 07       		.byte	0x7
 363 0040 E8000000 		.4byte	.LASF3
 364 0044 02       		.uleb128 0x2
 365 0045 04       		.byte	0x4
 366 0046 05       		.byte	0x5
 367 0047 8D010000 		.4byte	.LASF4
 368 004b 02       		.uleb128 0x2
 369 004c 04       		.byte	0x4
 370 004d 07       		.byte	0x7
 371 004e D6000000 		.4byte	.LASF5
 372 0052 02       		.uleb128 0x2
 373 0053 08       		.byte	0x8
 374 0054 05       		.byte	0x5
 375 0055 75010000 		.4byte	.LASF6
 376 0059 02       		.uleb128 0x2
 377 005a 08       		.byte	0x8
 378 005b 07       		.byte	0x7
 379 005c 2A010000 		.4byte	.LASF7
 380 0060 04       		.uleb128 0x4
 381 0061 04       		.byte	0x4
 382 0062 05       		.byte	0x5
 383 0063 696E7400 		.ascii	"int\000"
 384 0067 02       		.uleb128 0x2
 385 0068 04       		.byte	0x4
 386 0069 07       		.byte	0x7
 387 006a 1D010000 		.4byte	.LASF8
 388 006e 03       		.uleb128 0x3
 389 006f 41010000 		.4byte	.LASF10
 390 0073 02       		.byte	0x2
 391 0074 18       		.byte	0x18
 392 0075 24000000 		.4byte	0x24
 393 0079 05       		.uleb128 0x5
 394 007a 90000000 		.4byte	0x90
 395 007e 89000000 		.4byte	0x89
ARM GAS  C:\Users\quiqu\AppData\Local\Temp\ccJwBl65.s 			page 8


 396 0082 06       		.uleb128 0x6
 397 0083 89000000 		.4byte	0x89
 398 0087 FF       		.byte	0xff
 399 0088 00       		.byte	0
 400 0089 02       		.uleb128 0x2
 401 008a 04       		.byte	0x4
 402 008b 07       		.byte	0x7
 403 008c 6C010000 		.4byte	.LASF11
 404 0090 07       		.uleb128 0x7
 405 0091 6E000000 		.4byte	0x6e
 406 0095 08       		.uleb128 0x8
 407 0096 0B010000 		.4byte	.LASF12
 408 009a 03       		.byte	0x3
 409 009b 1F       		.byte	0x1f
 410 009c A6000000 		.4byte	0xa6
 411 00a0 05       		.uleb128 0x5
 412 00a1 03       		.byte	0x3
 413 00a2 00000000 		.4byte	cy_meta_configecc
 414 00a6 07       		.uleb128 0x7
 415 00a7 79000000 		.4byte	0x79
 416 00ab 05       		.uleb128 0x5
 417 00ac 90000000 		.4byte	0x90
 418 00b0 BB000000 		.4byte	0xbb
 419 00b4 06       		.uleb128 0x6
 420 00b5 89000000 		.4byte	0x89
 421 00b9 03       		.byte	0x3
 422 00ba 00       		.byte	0
 423 00bb 08       		.uleb128 0x8
 424 00bc FB000000 		.4byte	.LASF13
 425 00c0 03       		.byte	0x3
 426 00c1 4C       		.byte	0x4c
 427 00c2 CC000000 		.4byte	0xcc
 428 00c6 05       		.uleb128 0x5
 429 00c7 03       		.byte	0x3
 430 00c8 00000000 		.4byte	cy_meta_custnvl
 431 00cc 07       		.uleb128 0x7
 432 00cd AB000000 		.4byte	0xab
 433 00d1 08       		.uleb128 0x8
 434 00d2 5E010000 		.4byte	.LASF14
 435 00d6 03       		.byte	0x3
 436 00d7 5A       		.byte	0x5a
 437 00d8 E2000000 		.4byte	0xe2
 438 00dc 05       		.uleb128 0x5
 439 00dd 03       		.byte	0x3
 440 00de 00000000 		.4byte	cy_meta_wonvl
 441 00e2 07       		.uleb128 0x7
 442 00e3 AB000000 		.4byte	0xab
 443 00e7 08       		.uleb128 0x8
 444 00e8 49010000 		.4byte	.LASF15
 445 00ec 03       		.byte	0x3
 446 00ed 68       		.byte	0x68
 447 00ee F8000000 		.4byte	0xf8
 448 00f2 05       		.uleb128 0x5
 449 00f3 03       		.byte	0x3
 450 00f4 00000000 		.4byte	cy_meta_flashprotect
 451 00f8 07       		.uleb128 0x7
 452 00f9 79000000 		.4byte	0x79
ARM GAS  C:\Users\quiqu\AppData\Local\Temp\ccJwBl65.s 			page 9


 453 00fd 05       		.uleb128 0x5
 454 00fe 90000000 		.4byte	0x90
 455 0102 0D010000 		.4byte	0x10d
 456 0106 06       		.uleb128 0x6
 457 0107 89000000 		.4byte	0x89
 458 010b 0B       		.byte	0xb
 459 010c 00       		.byte	0
 460 010d 08       		.uleb128 0x8
 461 010e 2E000000 		.4byte	.LASF16
 462 0112 03       		.byte	0x3
 463 0113 95       		.byte	0x95
 464 0114 1E010000 		.4byte	0x11e
 465 0118 05       		.uleb128 0x5
 466 0119 03       		.byte	0x3
 467 011a 00000000 		.4byte	cy_metadata
 468 011e 07       		.uleb128 0x7
 469 011f FD000000 		.4byte	0xfd
 470 0123 00       		.byte	0
 471              		.section	.debug_abbrev,"",%progbits
 472              	.Ldebug_abbrev0:
 473 0000 01       		.uleb128 0x1
 474 0001 11       		.uleb128 0x11
 475 0002 01       		.byte	0x1
 476 0003 25       		.uleb128 0x25
 477 0004 0E       		.uleb128 0xe
 478 0005 13       		.uleb128 0x13
 479 0006 0B       		.uleb128 0xb
 480 0007 03       		.uleb128 0x3
 481 0008 0E       		.uleb128 0xe
 482 0009 1B       		.uleb128 0x1b
 483 000a 0E       		.uleb128 0xe
 484 000b 10       		.uleb128 0x10
 485 000c 17       		.uleb128 0x17
 486 000d 00       		.byte	0
 487 000e 00       		.byte	0
 488 000f 02       		.uleb128 0x2
 489 0010 24       		.uleb128 0x24
 490 0011 00       		.byte	0
 491 0012 0B       		.uleb128 0xb
 492 0013 0B       		.uleb128 0xb
 493 0014 3E       		.uleb128 0x3e
 494 0015 0B       		.uleb128 0xb
 495 0016 03       		.uleb128 0x3
 496 0017 0E       		.uleb128 0xe
 497 0018 00       		.byte	0
 498 0019 00       		.byte	0
 499 001a 03       		.uleb128 0x3
 500 001b 16       		.uleb128 0x16
 501 001c 00       		.byte	0
 502 001d 03       		.uleb128 0x3
 503 001e 0E       		.uleb128 0xe
 504 001f 3A       		.uleb128 0x3a
 505 0020 0B       		.uleb128 0xb
 506 0021 3B       		.uleb128 0x3b
 507 0022 0B       		.uleb128 0xb
 508 0023 49       		.uleb128 0x49
 509 0024 13       		.uleb128 0x13
ARM GAS  C:\Users\quiqu\AppData\Local\Temp\ccJwBl65.s 			page 10


 510 0025 00       		.byte	0
 511 0026 00       		.byte	0
 512 0027 04       		.uleb128 0x4
 513 0028 24       		.uleb128 0x24
 514 0029 00       		.byte	0
 515 002a 0B       		.uleb128 0xb
 516 002b 0B       		.uleb128 0xb
 517 002c 3E       		.uleb128 0x3e
 518 002d 0B       		.uleb128 0xb
 519 002e 03       		.uleb128 0x3
 520 002f 08       		.uleb128 0x8
 521 0030 00       		.byte	0
 522 0031 00       		.byte	0
 523 0032 05       		.uleb128 0x5
 524 0033 01       		.uleb128 0x1
 525 0034 01       		.byte	0x1
 526 0035 49       		.uleb128 0x49
 527 0036 13       		.uleb128 0x13
 528 0037 01       		.uleb128 0x1
 529 0038 13       		.uleb128 0x13
 530 0039 00       		.byte	0
 531 003a 00       		.byte	0
 532 003b 06       		.uleb128 0x6
 533 003c 21       		.uleb128 0x21
 534 003d 00       		.byte	0
 535 003e 49       		.uleb128 0x49
 536 003f 13       		.uleb128 0x13
 537 0040 2F       		.uleb128 0x2f
 538 0041 0B       		.uleb128 0xb
 539 0042 00       		.byte	0
 540 0043 00       		.byte	0
 541 0044 07       		.uleb128 0x7
 542 0045 26       		.uleb128 0x26
 543 0046 00       		.byte	0
 544 0047 49       		.uleb128 0x49
 545 0048 13       		.uleb128 0x13
 546 0049 00       		.byte	0
 547 004a 00       		.byte	0
 548 004b 08       		.uleb128 0x8
 549 004c 34       		.uleb128 0x34
 550 004d 00       		.byte	0
 551 004e 03       		.uleb128 0x3
 552 004f 0E       		.uleb128 0xe
 553 0050 3A       		.uleb128 0x3a
 554 0051 0B       		.uleb128 0xb
 555 0052 3B       		.uleb128 0x3b
 556 0053 0B       		.uleb128 0xb
 557 0054 49       		.uleb128 0x49
 558 0055 13       		.uleb128 0x13
 559 0056 3F       		.uleb128 0x3f
 560 0057 19       		.uleb128 0x19
 561 0058 02       		.uleb128 0x2
 562 0059 18       		.uleb128 0x18
 563 005a 00       		.byte	0
 564 005b 00       		.byte	0
 565 005c 00       		.byte	0
 566              		.section	.debug_aranges,"",%progbits
ARM GAS  C:\Users\quiqu\AppData\Local\Temp\ccJwBl65.s 			page 11


 567 0000 14000000 		.4byte	0x14
 568 0004 0200     		.2byte	0x2
 569 0006 00000000 		.4byte	.Ldebug_info0
 570 000a 04       		.byte	0x4
 571 000b 00       		.byte	0
 572 000c 0000     		.2byte	0
 573 000e 0000     		.2byte	0
 574 0010 00000000 		.4byte	0
 575 0014 00000000 		.4byte	0
 576              		.section	.debug_line,"",%progbits
 577              	.Ldebug_line0:
 578 0000 3D010000 		.section	.debug_str,"MS",%progbits,1
 578      02003701 
 578      00000201 
 578      FB0E0D00 
 578      01010101 
 579              	.LASF19:
 580 0000 433A5C50 		.ascii	"C:\\PSoC5LP\\Workspace01\\Robot1.cydsn\000"
 580      536F4335 
 580      4C505C57 
 580      6F726B73 
 580      70616365 
 581              	.LASF9:
 582 0024 5F5F7569 		.ascii	"__uint8_t\000"
 582      6E74385F 
 582      7400
 583              	.LASF16:
 584 002e 63795F6D 		.ascii	"cy_metadata\000"
 584      65746164 
 584      61746100 
 585              	.LASF1:
 586 003a 756E7369 		.ascii	"unsigned char\000"
 586      676E6564 
 586      20636861 
 586      7200
 587              	.LASF17:
 588 0048 474E5520 		.ascii	"GNU C11 5.4.1 20160609 (release) [ARM/embedded-5-br"
 588      43313120 
 588      352E342E 
 588      31203230 
 588      31363036 
 589 007b 616E6368 		.ascii	"anch revision 237715] -mcpu=cortex-m3 -mthumb -g -O"
 589      20726576 
 589      6973696F 
 589      6E203233 
 589      37373135 
 590 00ae 67202D66 		.ascii	"g -ffunction-sections -ffat-lto-objects\000"
 590      66756E63 
 590      74696F6E 
 590      2D736563 
 590      74696F6E 
 591              	.LASF5:
 592 00d6 6C6F6E67 		.ascii	"long unsigned int\000"
 592      20756E73 
 592      69676E65 
 592      6420696E 
 592      7400
ARM GAS  C:\Users\quiqu\AppData\Local\Temp\ccJwBl65.s 			page 12


 593              	.LASF3:
 594 00e8 73686F72 		.ascii	"short unsigned int\000"
 594      7420756E 
 594      7369676E 
 594      65642069 
 594      6E7400
 595              	.LASF13:
 596 00fb 63795F6D 		.ascii	"cy_meta_custnvl\000"
 596      6574615F 
 596      63757374 
 596      6E766C00 
 597              	.LASF12:
 598 010b 63795F6D 		.ascii	"cy_meta_configecc\000"
 598      6574615F 
 598      636F6E66 
 598      69676563 
 598      6300
 599              	.LASF8:
 600 011d 756E7369 		.ascii	"unsigned int\000"
 600      676E6564 
 600      20696E74 
 600      00
 601              	.LASF7:
 602 012a 6C6F6E67 		.ascii	"long long unsigned int\000"
 602      206C6F6E 
 602      6720756E 
 602      7369676E 
 602      65642069 
 603              	.LASF10:
 604 0141 75696E74 		.ascii	"uint8_t\000"
 604      385F7400 
 605              	.LASF15:
 606 0149 63795F6D 		.ascii	"cy_meta_flashprotect\000"
 606      6574615F 
 606      666C6173 
 606      6870726F 
 606      74656374 
 607              	.LASF14:
 608 015e 63795F6D 		.ascii	"cy_meta_wonvl\000"
 608      6574615F 
 608      776F6E76 
 608      6C00
 609              	.LASF11:
 610 016c 73697A65 		.ascii	"sizetype\000"
 610      74797065 
 610      00
 611              	.LASF6:
 612 0175 6C6F6E67 		.ascii	"long long int\000"
 612      206C6F6E 
 612      6720696E 
 612      7400
 613              	.LASF2:
 614 0183 73686F72 		.ascii	"short int\000"
 614      7420696E 
 614      7400
 615              	.LASF4:
 616 018d 6C6F6E67 		.ascii	"long int\000"
ARM GAS  C:\Users\quiqu\AppData\Local\Temp\ccJwBl65.s 			page 13


 616      20696E74 
 616      00
 617              	.LASF0:
 618 0196 7369676E 		.ascii	"signed char\000"
 618      65642063 
 618      68617200 
 619              	.LASF18:
 620 01a2 47656E65 		.ascii	"Generated_Source\\PSoC5\\cymetadata.c\000"
 620      72617465 
 620      645F536F 
 620      75726365 
 620      5C50536F 
 621              		.ident	"GCC: (GNU Tools for ARM Embedded Processors) 5.4.1 20160609 (release) [ARM/embedded-5-bran
