--------------- Rebuild Started: 03/19/2013 17:15:18 Project: CharLCDmp_Demo, Configuration: ARM GCC 4.4.1 Debug ---------------
The compile step is up to date, no work needs to be done.
The library generation step is up to date, no work needs to be done.
Deleting file ".\CortexM3\ARM_GCC_441\Debug\main.o"
Deleting file ".\CortexM3\ARM_GCC_441\Debug\RS.o"
Deleting file ".\CortexM3\ARM_GCC_441\Debug\E.o"
Deleting file ".\CortexM3\ARM_GCC_441\Debug\D4.o"
Deleting file ".\CortexM3\ARM_GCC_441\Debug\D5.o"
Deleting file ".\CortexM3\ARM_GCC_441\Debug\D6.o"
Deleting file ".\CortexM3\ARM_GCC_441\Debug\D7.o"
Deleting file ".\CortexM3\ARM_GCC_441\Debug\LCD_BarGraph.o"
Deleting file ".\CortexM3\ARM_GCC_441\Debug\LCD.o"
Deleting file ".\CortexM3\ARM_GCC_441\Debug\LCD_PM.o"
Deleting file ".\CortexM3\ARM_GCC_441\Debug\LCD_Cntl_Port.o"
Deleting file ".\CortexM3\ARM_GCC_441\Debug\Cm3Start.o"
Deleting file ".\CortexM3\ARM_GCC_441\Debug\core_cm3.o"
Deleting file ".\CortexM3\ARM_GCC_441\Debug\CyBootAsmGnu.o"
Deleting file ".\CortexM3\ARM_GCC_441\Debug\CyDmac.o"
Deleting file ".\CortexM3\ARM_GCC_441\Debug\CyFlash.o"
Deleting file ".\CortexM3\ARM_GCC_441\Debug\CyLib.o"
Deleting file ".\CortexM3\ARM_GCC_441\Debug\cyPm.o"
Deleting file ".\CortexM3\ARM_GCC_441\Debug\CySpc.o"
Deleting file ".\CortexM3\ARM_GCC_441\Debug\cyutils.o"
Deleting file ".\CortexM3\ARM_GCC_441\Debug\cyfitter_cfg.o"
Deleting file ".\CortexM3\ARM_GCC_441\Debug\CharLCDmp_Demo.hex"
Deleting file ".\CortexM3\ARM_GCC_441\Debug\CharLCDmp_Demo.elf"
Deleting file ".\CortexM3\ARM_GCC_441\Debug\CharLCDmp_Demo.map"
Deleting file ".\CharLCDmp_Demo.cycdx"
Deleting file ".\CharLCDmp_Demo.svd"
Deleting file ".\CharLCDmp_Demo.rpt"
Deleting file ".\CharLCDmp_Demo_timing.html"
Deleting file ".\CortexM3\ARM_GCC_441\Debug\.deps\C_FILE.P"
Deleting file ".\CortexM3\ARM_GCC_441\Debug\.deps\ARM_C_FILE.P"
Deleting file ".\CortexM3\ARM_GCC_441\Debug\.deps\GNU_ARM_ASM_FILE.P"
cydsfit.exe "-.appdatapath" "C:\Users\meh\AppData\Local\Cypress Semiconductor\PSoC Creator\2.2" "-.fdsnotice" "-.fdswarpdepfile=warp_dependencies.txt" "-.fdselabdepfile=elab_dependencies.txt" "-.fdsbldfile=generated_files.txt" "-p" "C:\perforce\apps\content\creator\CharLCDmp\CharLCDmp\CharLCDmp_Demo\CharLCDmp_Demo\CharLCDmp_Demo.cydsn\CharLCDmp_Demo.cyprj" "-d" "CY8C5588AXI-060ES1" "-s" "C:\perforce\apps\content\creator\CharLCDmp\CharLCDmp\CharLCDmp_Demo\CharLCDmp_Demo\CharLCDmp_Demo.cydsn\Generated_Source\PSoC5" "--" "-yv2" "-v3" "-ygs" "-q10" "-o2" "-.fftcfgtype=LE"
Note: This project targets evaluation silicon (ES) that is not available for purchase. Be sure to use production-approved parts to ensure future support.
Note: The PSoC 5 FirstTouch Kit (CY8CKIT-014) uses the XTAL pins as GPIO to the accelerometer, which is not allowed in production devices. Do not re-target kit projects if you wish to use the accelerometer.
Elaborating Design...
ADD: prj.M0245: information: PSoC 5LP provides many improvements over PSoC 5. Learn more about migrating to PSoC 5LP at www.cypress.com/go/PSoC5LP
 * CharLCDmp_Demo ()
HDL Generation ...
Synthesis ...
Place and Route ...
Tech mapping ...
Info: mpr.M0037: Unused pieces of the design have been optimized out. See the Tech mapping section of the report file for details. (App=cydsfit)
Analog Placement ...
Analog Routing ...
Analog Code Generation ...
Digital Placement ...
Digital Routing ...
Bitstream Generation ...
Static timing analysis ...
API Generation ...
Dependency Generation ...
Clean Temporary Files ...
arm-none-eabi-gcc.exe -I. -Wno-main -I./Generated_Source/PSoC5 -mcpu=cortex-m3 -mthumb -Wall -g -D DEBUG -Wa,-alh=.\CortexM3\ARM_GCC_441\Debug\main.lst -ffunction-sections -c .\main.c -o .\CortexM3\ARM_GCC_441\Debug\main.o
arm-none-eabi-gcc.exe -I. -Wno-main -I./Generated_Source/PSoC5 -mcpu=cortex-m3 -mthumb -Wall -g -D DEBUG -Wa,-alh=.\CortexM3\ARM_GCC_441\Debug\RS.lst -ffunction-sections -c .\Generated_Source\PSoC5\RS.c -o .\CortexM3\ARM_GCC_441\Debug\RS.o
arm-none-eabi-gcc.exe -I. -Wno-main -I./Generated_Source/PSoC5 -mcpu=cortex-m3 -mthumb -Wall -g -D DEBUG -Wa,-alh=.\CortexM3\ARM_GCC_441\Debug\E.lst -ffunction-sections -c .\Generated_Source\PSoC5\E.c -o .\CortexM3\ARM_GCC_441\Debug\E.o
arm-none-eabi-gcc.exe -I. -Wno-main -I./Generated_Source/PSoC5 -mcpu=cortex-m3 -mthumb -Wall -g -D DEBUG -Wa,-alh=.\CortexM3\ARM_GCC_441\Debug\D4.lst -ffunction-sections -c .\Generated_Source\PSoC5\D4.c -o .\CortexM3\ARM_GCC_441\Debug\D4.o
arm-none-eabi-gcc.exe -I. -Wno-main -I./Generated_Source/PSoC5 -mcpu=cortex-m3 -mthumb -Wall -g -D DEBUG -Wa,-alh=.\CortexM3\ARM_GCC_441\Debug\D5.lst -ffunction-sections -c .\Generated_Source\PSoC5\D5.c -o .\CortexM3\ARM_GCC_441\Debug\D5.o
arm-none-eabi-gcc.exe -I. -Wno-main -I./Generated_Source/PSoC5 -mcpu=cortex-m3 -mthumb -Wall -g -D DEBUG -Wa,-alh=.\CortexM3\ARM_GCC_441\Debug\D6.lst -ffunction-sections -c .\Generated_Source\PSoC5\D6.c -o .\CortexM3\ARM_GCC_441\Debug\D6.o
arm-none-eabi-gcc.exe -I. -Wno-main -I./Generated_Source/PSoC5 -mcpu=cortex-m3 -mthumb -Wall -g -D DEBUG -Wa,-alh=.\CortexM3\ARM_GCC_441\Debug\D7.lst -ffunction-sections -c .\Generated_Source\PSoC5\D7.c -o .\CortexM3\ARM_GCC_441\Debug\D7.o
arm-none-eabi-gcc.exe -I. -Wno-main -I./Generated_Source/PSoC5 -mcpu=cortex-m3 -mthumb -Wall -g -D DEBUG -Wa,-alh=.\CortexM3\ARM_GCC_441\Debug\LCD_BarGraph.lst -ffunction-sections -c .\Generated_Source\PSoC5\LCD_BarGraph.c -o .\CortexM3\ARM_GCC_441\Debug\LCD_BarGraph.o
arm-none-eabi-gcc.exe -I. -Wno-main -I./Generated_Source/PSoC5 -mcpu=cortex-m3 -mthumb -Wall -g -D DEBUG -Wa,-alh=.\CortexM3\ARM_GCC_441\Debug\LCD.lst -ffunction-sections -c .\Generated_Source\PSoC5\LCD.c -o .\CortexM3\ARM_GCC_441\Debug\LCD.o
arm-none-eabi-gcc.exe -I. -Wno-main -I./Generated_Source/PSoC5 -mcpu=cortex-m3 -mthumb -Wall -g -D DEBUG -Wa,-alh=.\CortexM3\ARM_GCC_441\Debug\LCD_PM.lst -ffunction-sections -c .\Generated_Source\PSoC5\LCD_PM.c -o .\CortexM3\ARM_GCC_441\Debug\LCD_PM.o
arm-none-eabi-gcc.exe -I. -Wno-main -I./Generated_Source/PSoC5 -mcpu=cortex-m3 -mthumb -Wall -g -D DEBUG -Wa,-alh=.\CortexM3\ARM_GCC_441\Debug\LCD_Cntl_Port.lst -ffunction-sections -c .\Generated_Source\PSoC5\LCD_Cntl_Port.c -o .\CortexM3\ARM_GCC_441\Debug\LCD_Cntl_Port.o
arm-none-eabi-gcc.exe -I. -Wno-main -I./Generated_Source/PSoC5 -mcpu=cortex-m3 -mthumb -Wall -g -D DEBUG -Wa,-alh=.\CortexM3\ARM_GCC_441\Debug\Cm3Start.lst -ffunction-sections -c .\Generated_Source\PSoC5\Cm3Start.c -o .\CortexM3\ARM_GCC_441\Debug\Cm3Start.o
arm-none-eabi-gcc.exe -I. -Wno-main -I./Generated_Source/PSoC5 -mcpu=cortex-m3 -mthumb -Wall -g -D DEBUG -Wa,-alh=.\CortexM3\ARM_GCC_441\Debug\core_cm3.lst -ffunction-sections -c .\Generated_Source\PSoC5\core_cm3.c -o .\CortexM3\ARM_GCC_441\Debug\core_cm3.o
arm-none-eabi-as.exe -I. -I./Generated_Source/PSoC5 -mcpu=cortex-m3 -mthumb -g -alh=.\CortexM3\ARM_GCC_441\Debug/CyBootAsmGnu.lst -o .\CortexM3\ARM_GCC_441\Debug\CyBootAsmGnu.o .\Generated_Source\PSoC5\CyBootAsmGnu.s
arm-none-eabi-gcc.exe -I. -Wno-main -I./Generated_Source/PSoC5 -mcpu=cortex-m3 -mthumb -Wall -g -D DEBUG -Wa,-alh=.\CortexM3\ARM_GCC_441\Debug\CyDmac.lst -ffunction-sections -c .\Generated_Source\PSoC5\CyDmac.c -o .\CortexM3\ARM_GCC_441\Debug\CyDmac.o
arm-none-eabi-gcc.exe -I. -Wno-main -I./Generated_Source/PSoC5 -mcpu=cortex-m3 -mthumb -Wall -g -D DEBUG -Wa,-alh=.\CortexM3\ARM_GCC_441\Debug\CyFlash.lst -ffunction-sections -c .\Generated_Source\PSoC5\CyFlash.c -o .\CortexM3\ARM_GCC_441\Debug\CyFlash.o
arm-none-eabi-gcc.exe -I. -Wno-main -I./Generated_Source/PSoC5 -mcpu=cortex-m3 -mthumb -Wall -g -D DEBUG -Wa,-alh=.\CortexM3\ARM_GCC_441\Debug\CyLib.lst -ffunction-sections -c .\Generated_Source\PSoC5\CyLib.c -o .\CortexM3\ARM_GCC_441\Debug\CyLib.o
arm-none-eabi-gcc.exe -I. -Wno-main -I./Generated_Source/PSoC5 -mcpu=cortex-m3 -mthumb -Wall -g -D DEBUG -Wa,-alh=.\CortexM3\ARM_GCC_441\Debug\cyPm.lst -ffunction-sections -c .\Generated_Source\PSoC5\cyPm.c -o .\CortexM3\ARM_GCC_441\Debug\cyPm.o
arm-none-eabi-gcc.exe -I. -Wno-main -I./Generated_Source/PSoC5 -mcpu=cortex-m3 -mthumb -Wall -g -D DEBUG -Wa,-alh=.\CortexM3\ARM_GCC_441\Debug\CySpc.lst -ffunction-sections -c .\Generated_Source\PSoC5\CySpc.c -o .\CortexM3\ARM_GCC_441\Debug\CySpc.o
arm-none-eabi-gcc.exe -I. -Wno-main -I./Generated_Source/PSoC5 -mcpu=cortex-m3 -mthumb -Wall -g -D DEBUG -Wa,-alh=.\CortexM3\ARM_GCC_441\Debug\cyutils.lst -ffunction-sections -c .\Generated_Source\PSoC5\cyutils.c -o .\CortexM3\ARM_GCC_441\Debug\cyutils.o
arm-none-eabi-gcc.exe -I. -Wno-main -I./Generated_Source/PSoC5 -mcpu=cortex-m3 -mthumb -Wall -g -D DEBUG -Wa,-alh=.\CortexM3\ARM_GCC_441\Debug\cyfitter_cfg.lst -ffunction-sections -c .\Generated_Source\PSoC5\cyfitter_cfg.c -o .\CortexM3\ARM_GCC_441\Debug\cyfitter_cfg.o
arm-none-eabi-ar.exe -rs .\CortexM3\ARM_GCC_441\Debug\CharLCDmp_Demo.a .\CortexM3\ARM_GCC_441\Debug\RS.o .\CortexM3\ARM_GCC_441\Debug\E.o .\CortexM3\ARM_GCC_441\Debug\D4.o .\CortexM3\ARM_GCC_441\Debug\D5.o .\CortexM3\ARM_GCC_441\Debug\D6.o .\CortexM3\ARM_GCC_441\Debug\D7.o .\CortexM3\ARM_GCC_441\Debug\LCD_BarGraph.o .\CortexM3\ARM_GCC_441\Debug\LCD.o .\CortexM3\ARM_GCC_441\Debug\LCD_PM.o .\CortexM3\ARM_GCC_441\Debug\LCD_Cntl_Port.o .\CortexM3\ARM_GCC_441\Debug\core_cm3.o .\CortexM3\ARM_GCC_441\Debug\CyBootAsmGnu.o .\CortexM3\ARM_GCC_441\Debug\CyDmac.o .\CortexM3\ARM_GCC_441\Debug\CyFlash.o .\CortexM3\ARM_GCC_441\Debug\CyLib.o .\CortexM3\ARM_GCC_441\Debug\cyPm.o .\CortexM3\ARM_GCC_441\Debug\CySpc.o .\CortexM3\ARM_GCC_441\Debug\cyutils.o .\CortexM3\ARM_GCC_441\Debug\cyfitter_cfg.o
arm-none-eabi-ar.exe: creating .\CortexM3\ARM_GCC_441\Debug\CharLCDmp_Demo.a
arm-none-eabi-gcc.exe -mthumb -march=armv7-m -mfix-cortex-m3-ldrd -T .\Generated_Source\PSoC5\cm3gcc.ld -g -Wl,-Map,.\CortexM3\ARM_GCC_441\Debug\CharLCDmp_Demo.map -Wl,--gc-sections -Wl,--start-group -o .\CortexM3\ARM_GCC_441\Debug\CharLCDmp_Demo.elf .\CortexM3\ARM_GCC_441\Debug\main.o .\CortexM3\ARM_GCC_441\Debug\Cm3Start.o .\CortexM3\ARM_GCC_441\Debug\CharLCDmp_Demo.a "C:\Program Files (x86)\Cypress\PSoC Creator\2.2\PSoC Creator\psoc\content\cycomponentlibrary\CyComponentLibrary.cylib\CortexM3\ARM_GCC_441\Debug\CyComponentLibrary.a" -Wl,--end-group
arm-none-eabi-objcopy.exe -O ihex .\CortexM3\ARM_GCC_441\Debug\CharLCDmp_Demo.elf .\CortexM3\ARM_GCC_441\Debug\CharLCDmp_Demo.ihx
cyhextool -o .\CortexM3\ARM_GCC_441\Debug\CharLCDmp_Demo.hex -f .\CortexM3\ARM_GCC_441\Debug\CharLCDmp_Demo.ihx -prot .\Generated_Source\PSoC5\protect.hex -id E13C069 -a EEPROM=90200000:800,PROGRAM=00000000:40000,CONFIG=80000000:8000,PROTECT=90400000:100 -meta 0101 -cunv 00000006 -wonv BC90ACAF -ecc .\Generated_Source\PSoC5\config.hex
Flash used: 4688 of 262144 bytes (1.8 %).
SRAM used: 288 of 65536 bytes (0.4 %).
--------------- Rebuild Succeeded: 03/19/2013 17:15:39 ---------------
