ARM GAS  C:\Users\meh\AppData\Local\Temp\cczX9Wp8.s 			page 1


   1              		.syntax unified
   2              		.cpu cortex-m3
   3              		.fpu softvfp
   4              		.eabi_attribute 20, 1
   5              		.eabi_attribute 21, 1
   6              		.eabi_attribute 23, 3
   7              		.eabi_attribute 24, 1
   8              		.eabi_attribute 25, 1
   9              		.eabi_attribute 26, 1
  10              		.eabi_attribute 30, 6
  11              		.eabi_attribute 18, 4
  12              		.thumb
  13              		.file	"main.c"
  14              		.section	.debug_abbrev,"",%progbits
  15              	.Ldebug_abbrev0:
  16              		.section	.debug_info,"",%progbits
  17              	.Ldebug_info0:
  18              		.section	.debug_line,"",%progbits
  19              	.Ldebug_line0:
  20 0000 7F000000 		.text
  20      02005300 
  20      00000201 
  20      FB0E0D00 
  20      01010101 
  21              	.Ltext0:
  22              		.cfi_sections	.debug_frame
  23              		.section	.rodata
  24              		.align	2
  25              	.LC0:
  26 0000 4D756C74 		.ascii	"Multi-Port LCD\000"
  26      692D506F 
  26      7274204C 
  26      434400
  27 000f 00       		.section	.text.main,"ax",%progbits
  28              		.align	2
  29              		.global	main
  30              		.thumb
  31              		.thumb_func
  32              		.type	main, %function
  33              	main:
  34              	.LFB29:
  35              		.file 1 ".\\main.c"
   1:.\main.c      **** /* ========================================
   2:.\main.c      ****  *  CharLCDmp_Demo
   3:.\main.c      ****  *  February 22, 2013
   4:.\main.c      ****  *  Mark Hastings
   5:.\main.c      ****  *
   6:.\main.c      ****  * This simple demo demostrates the Character 
   7:.\main.c      ****  * LCD Muli-Port (mp) component.
   8:.\main.c      ****  *
   9:.\main.c      ****  * ========================================
  10:.\main.c      **** */
  11:.\main.c      **** #include <device.h>
  12:.\main.c      **** 
  13:.\main.c      **** void main()
  14:.\main.c      **** {
  36              		.loc 1 14 0
ARM GAS  C:\Users\meh\AppData\Local\Temp\cczX9Wp8.s 			page 2


  37              		.cfi_startproc
  38              		@ args = 0, pretend = 0, frame = 8
  39              		@ frame_needed = 1, uses_anonymous_args = 0
  40 0000 80B5     		push	{r7, lr}
  41              	.LCFI0:
  42              		.cfi_def_cfa_offset 8
  43 0002 82B0     		sub	sp, sp, #8
  44              	.LCFI1:
  45              		.cfi_def_cfa_offset 16
  46 0004 00AF     		add	r7, sp, #0
  47              		.cfi_offset 14, -4
  48              		.cfi_offset 7, -8
  49              	.LCFI2:
  50              		.cfi_def_cfa_register 7
  15:.\main.c      **** 	uint8 updown;        /* Bargraph up-down flag */
  16:.\main.c      **** 	int8 bargraph = 0;   /* Bargraph position     */
  51              		.loc 1 16 0
  52 0006 4FF00003 		mov	r3, #0
  53 000a FB71     		strb	r3, [r7, #7]
  17:.\main.c      **** 	
  18:.\main.c      ****     LCD_Start();
  54              		.loc 1 18 0
  55 000c FFF7FEFF 		bl	LCD_Start
  19:.\main.c      **** 	LCD_Position(0,0);
  56              		.loc 1 19 0
  57 0010 4FF00000 		mov	r0, #0
  58 0014 4FF00001 		mov	r1, #0
  59 0018 FFF7FEFF 		bl	LCD_Position
  20:.\main.c      **** 	LCD_PrintString("Multi-Port LCD");
  60              		.loc 1 20 0
  61 001c 40F20000 		movw	r0, #:lower16:.LC0
  62 0020 C0F20000 		movt	r0, #:upper16:.LC0
  63 0024 FFF7FEFF 		bl	LCD_PrintString
  64              	.L5:
  21:.\main.c      **** 	
  22:.\main.c      **** 	#if(CY_PSOC5A)
  23:.\main.c      **** 	LCD_PrintString("5A");
  24:.\main.c      **** 	#endif
  25:.\main.c      **** 	
  26:.\main.c      ****     for(;;)
  27:.\main.c      ****     {
  28:.\main.c      ****         CyDelay(2);             /* Delay so it doesn't go too fast */
  65              		.loc 1 28 0
  66 0028 4FF00200 		mov	r0, #2
  67 002c FFF7FEFF 		bl	CyDelay
  29:.\main.c      **** 
  30:.\main.c      **** 		if(updown != 0)         /* Bargaph goes up */
  68              		.loc 1 30 0
  69 0030 BB79     		ldrb	r3, [r7, #6]	@ zero_extendqisi2
  70 0032 002B     		cmp	r3, #0
  71 0034 0FD0     		beq	.L2
  31:.\main.c      **** 		{
  32:.\main.c      **** 		    bargraph++;
  72              		.loc 1 32 0
  73 0036 FB79     		ldrb	r3, [r7, #7]
  74 0038 03F10103 		add	r3, r3, #1
  75 003c FB71     		strb	r3, [r7, #7]
ARM GAS  C:\Users\meh\AppData\Local\Temp\cczX9Wp8.s 			page 3


  33:.\main.c      **** 		    if (bargraph > 65)  /* Go back down once reached 65 */
  76              		.loc 1 33 0
  77 003e 97F90730 		ldrsb	r3, [r7, #7]
  78 0042 412B     		cmp	r3, #65
  79 0044 17DD     		ble	.L7
  34:.\main.c      **** 			{
  35:.\main.c      **** 			   updown = 0;
  80              		.loc 1 35 0
  81 0046 4FF00003 		mov	r3, #0
  82 004a BB71     		strb	r3, [r7, #6]
  36:.\main.c      **** 			   bargraph--;
  83              		.loc 1 36 0
  84 004c FB79     		ldrb	r3, [r7, #7]
  85 004e 03F1FF33 		add	r3, r3, #-1
  86 0052 FB71     		strb	r3, [r7, #7]
  87 0054 10E0     		b	.L4
  88              	.L2:
  37:.\main.c      **** 			}
  38:.\main.c      **** 		}
  39:.\main.c      **** 		else                    /* Bargraph goes Down */
  40:.\main.c      **** 		{
  41:.\main.c      **** 		    bargraph--;
  89              		.loc 1 41 0
  90 0056 FB79     		ldrb	r3, [r7, #7]
  91 0058 03F1FF33 		add	r3, r3, #-1
  92 005c FB71     		strb	r3, [r7, #7]
  42:.\main.c      **** 		    if (bargraph <= 0)  /* Change back to up on 0 */
  93              		.loc 1 42 0
  94 005e 97F90730 		ldrsb	r3, [r7, #7]
  95 0062 002B     		cmp	r3, #0
  96 0064 08DC     		bgt	.L4
  43:.\main.c      **** 			{
  44:.\main.c      **** 			   updown = 1;
  97              		.loc 1 44 0
  98 0066 4FF00103 		mov	r3, #1
  99 006a BB71     		strb	r3, [r7, #6]
  45:.\main.c      **** 			   bargraph++;
 100              		.loc 1 45 0
 101 006c FB79     		ldrb	r3, [r7, #7]
 102 006e 03F10103 		add	r3, r3, #1
 103 0072 FB71     		strb	r3, [r7, #7]
 104 0074 00E0     		b	.L4
 105              	.L7:
 106              		.loc 1 36 0
 107 0076 00BF     		nop
 108              	.L4:
  46:.\main.c      **** 			}
  47:.\main.c      **** 		}
  48:.\main.c      **** 		LCD_Position(1,0);
 109              		.loc 1 48 0
 110 0078 4FF00100 		mov	r0, #1
 111 007c 4FF00001 		mov	r1, #0
 112 0080 FFF7FEFF 		bl	LCD_Position
  49:.\main.c      **** 		LCD_PrintInt8(bargraph);                  /* Show numerical position */
 113              		.loc 1 49 0
 114 0084 FB79     		ldrb	r3, [r7, #7]	@ zero_extendqisi2
 115 0086 1846     		mov	r0, r3
ARM GAS  C:\Users\meh\AppData\Local\Temp\cczX9Wp8.s 			page 4


 116 0088 FFF7FEFF 		bl	LCD_PrintInt8
  50:.\main.c      **** 	    LCD_DrawHorizontalBG(1, 3, 13, bargraph); /* Draw bargraph */
 117              		.loc 1 50 0
 118 008c FB79     		ldrb	r3, [r7, #7]	@ zero_extendqisi2
 119 008e 4FF00100 		mov	r0, #1
 120 0092 4FF00301 		mov	r1, #3
 121 0096 4FF00D02 		mov	r2, #13
 122 009a FFF7FEFF 		bl	LCD_DrawHorizontalBG
  51:.\main.c      ****     }
 123              		.loc 1 51 0
 124 009e C3E7     		b	.L5
 125              		.cfi_endproc
 126              	.LFE29:
 127              		.size	main, .-main
 128              		.text
 129              	.Letext0:
 130              		.section	.debug_loc,"",%progbits
 131              	.Ldebug_loc0:
 132              	.LLST0:
 133 0000 00000000 		.4byte	.LFB29
 134 0004 02000000 		.4byte	.LCFI0
 135 0008 0100     		.2byte	0x1
 136 000a 5D       		.byte	0x5d
 137 000b 02000000 		.4byte	.LCFI0
 138 000f 04000000 		.4byte	.LCFI1
 139 0013 0200     		.2byte	0x2
 140 0015 7D       		.byte	0x7d
 141 0016 08       		.sleb128 8
 142 0017 04000000 		.4byte	.LCFI1
 143 001b 06000000 		.4byte	.LCFI2
 144 001f 0200     		.2byte	0x2
 145 0021 7D       		.byte	0x7d
 146 0022 10       		.sleb128 16
 147 0023 06000000 		.4byte	.LCFI2
 148 0027 A0000000 		.4byte	.LFE29
 149 002b 0200     		.2byte	0x2
 150 002d 77       		.byte	0x77
 151 002e 10       		.sleb128 16
 152 002f 00000000 		.4byte	0x0
 153 0033 00000000 		.4byte	0x0
 154              		.file 2 "./Generated_Source/PSoC5/cytypes.h"
 155              		.file 3 "./Generated_Source/PSoC5/core_cm3.h"
 156              		.section	.debug_info
 157 0000 E2000000 		.4byte	0xe2
 158 0004 0200     		.2byte	0x2
 159 0006 00000000 		.4byte	.Ldebug_abbrev0
 160 000a 04       		.byte	0x4
 161 000b 01       		.uleb128 0x1
 162 000c 64000000 		.4byte	.LASF16
 163 0010 01       		.byte	0x1
 164 0011 37010000 		.4byte	.LASF17
 165 0015 9A000000 		.4byte	.LASF18
 166 0019 00000000 		.4byte	0x0
 167 001d 00000000 		.4byte	0x0
 168 0021 00000000 		.4byte	.Ldebug_ranges0+0x0
 169 0025 00000000 		.4byte	.Ldebug_line0
 170 0029 02       		.uleb128 0x2
ARM GAS  C:\Users\meh\AppData\Local\Temp\cczX9Wp8.s 			page 5


 171 002a 01       		.byte	0x1
 172 002b 06       		.byte	0x6
 173 002c 25010000 		.4byte	.LASF0
 174 0030 02       		.uleb128 0x2
 175 0031 01       		.byte	0x1
 176 0032 08       		.byte	0x8
 177 0033 70000000 		.4byte	.LASF1
 178 0037 02       		.uleb128 0x2
 179 0038 02       		.byte	0x2
 180 0039 05       		.byte	0x5
 181 003a 90000000 		.4byte	.LASF2
 182 003e 02       		.uleb128 0x2
 183 003f 02       		.byte	0x2
 184 0040 07       		.byte	0x7
 185 0041 12010000 		.4byte	.LASF3
 186 0045 02       		.uleb128 0x2
 187 0046 04       		.byte	0x4
 188 0047 05       		.byte	0x5
 189 0048 09010000 		.4byte	.LASF4
 190 004c 02       		.uleb128 0x2
 191 004d 04       		.byte	0x4
 192 004e 07       		.byte	0x7
 193 004f 32000000 		.4byte	.LASF5
 194 0053 02       		.uleb128 0x2
 195 0054 08       		.byte	0x8
 196 0055 05       		.byte	0x5
 197 0056 00000000 		.4byte	.LASF6
 198 005a 02       		.uleb128 0x2
 199 005b 08       		.byte	0x8
 200 005c 07       		.byte	0x7
 201 005d 44000000 		.4byte	.LASF7
 202 0061 03       		.uleb128 0x3
 203 0062 04       		.byte	0x4
 204 0063 05       		.byte	0x5
 205 0064 696E7400 		.ascii	"int\000"
 206 0068 02       		.uleb128 0x2
 207 0069 04       		.byte	0x4
 208 006a 07       		.byte	0x7
 209 006b 0E000000 		.4byte	.LASF8
 210 006f 04       		.uleb128 0x4
 211 0070 2C000000 		.4byte	.LASF9
 212 0074 02       		.byte	0x2
 213 0075 4C       		.byte	0x4c
 214 0076 30000000 		.4byte	0x30
 215 007a 04       		.uleb128 0x4
 216 007b 27000000 		.4byte	.LASF10
 217 007f 02       		.byte	0x2
 218 0080 4F       		.byte	0x4f
 219 0081 29000000 		.4byte	0x29
 220 0085 02       		.uleb128 0x2
 221 0086 04       		.byte	0x4
 222 0087 04       		.byte	0x4
 223 0088 31010000 		.4byte	.LASF11
 224 008c 02       		.uleb128 0x2
 225 008d 08       		.byte	0x8
 226 008e 04       		.byte	0x4
 227 008f 02010000 		.4byte	.LASF12
ARM GAS  C:\Users\meh\AppData\Local\Temp\cczX9Wp8.s 			page 6


 228 0093 02       		.uleb128 0x2
 229 0094 01       		.byte	0x1
 230 0095 08       		.byte	0x8
 231 0096 7E000000 		.4byte	.LASF13
 232 009a 05       		.uleb128 0x5
 233 009b 04       		.byte	0x4
 234 009c 07       		.byte	0x7
 235 009d 06       		.uleb128 0x6
 236 009e 01       		.byte	0x1
 237 009f 22000000 		.4byte	.LASF19
 238 00a3 01       		.byte	0x1
 239 00a4 0D       		.byte	0xd
 240 00a5 00000000 		.4byte	.LFB29
 241 00a9 A0000000 		.4byte	.LFE29
 242 00ad 00000000 		.4byte	.LLST0
 243 00b1 D2000000 		.4byte	0xd2
 244 00b5 07       		.uleb128 0x7
 245 00b6 1B000000 		.4byte	.LASF14
 246 00ba 01       		.byte	0x1
 247 00bb 0F       		.byte	0xf
 248 00bc 6F000000 		.4byte	0x6f
 249 00c0 02       		.byte	0x2
 250 00c1 91       		.byte	0x91
 251 00c2 76       		.sleb128 -10
 252 00c3 07       		.uleb128 0x7
 253 00c4 5B000000 		.4byte	.LASF15
 254 00c8 01       		.byte	0x1
 255 00c9 10       		.byte	0x10
 256 00ca 7A000000 		.4byte	0x7a
 257 00ce 02       		.byte	0x2
 258 00cf 91       		.byte	0x91
 259 00d0 77       		.sleb128 -9
 260 00d1 00       		.byte	0x0
 261 00d2 08       		.uleb128 0x8
 262 00d3 83000000 		.4byte	.LASF20
 263 00d7 03       		.byte	0x3
 264 00d8 CE06     		.2byte	0x6ce
 265 00da E0000000 		.4byte	0xe0
 266 00de 01       		.byte	0x1
 267 00df 01       		.byte	0x1
 268 00e0 09       		.uleb128 0x9
 269 00e1 61000000 		.4byte	0x61
 270 00e5 00       		.byte	0x0
 271              		.section	.debug_abbrev
 272 0000 01       		.uleb128 0x1
 273 0001 11       		.uleb128 0x11
 274 0002 01       		.byte	0x1
 275 0003 25       		.uleb128 0x25
 276 0004 0E       		.uleb128 0xe
 277 0005 13       		.uleb128 0x13
 278 0006 0B       		.uleb128 0xb
 279 0007 03       		.uleb128 0x3
 280 0008 0E       		.uleb128 0xe
 281 0009 1B       		.uleb128 0x1b
 282 000a 0E       		.uleb128 0xe
 283 000b 11       		.uleb128 0x11
 284 000c 01       		.uleb128 0x1
ARM GAS  C:\Users\meh\AppData\Local\Temp\cczX9Wp8.s 			page 7


 285 000d 52       		.uleb128 0x52
 286 000e 01       		.uleb128 0x1
 287 000f 55       		.uleb128 0x55
 288 0010 06       		.uleb128 0x6
 289 0011 10       		.uleb128 0x10
 290 0012 06       		.uleb128 0x6
 291 0013 00       		.byte	0x0
 292 0014 00       		.byte	0x0
 293 0015 02       		.uleb128 0x2
 294 0016 24       		.uleb128 0x24
 295 0017 00       		.byte	0x0
 296 0018 0B       		.uleb128 0xb
 297 0019 0B       		.uleb128 0xb
 298 001a 3E       		.uleb128 0x3e
 299 001b 0B       		.uleb128 0xb
 300 001c 03       		.uleb128 0x3
 301 001d 0E       		.uleb128 0xe
 302 001e 00       		.byte	0x0
 303 001f 00       		.byte	0x0
 304 0020 03       		.uleb128 0x3
 305 0021 24       		.uleb128 0x24
 306 0022 00       		.byte	0x0
 307 0023 0B       		.uleb128 0xb
 308 0024 0B       		.uleb128 0xb
 309 0025 3E       		.uleb128 0x3e
 310 0026 0B       		.uleb128 0xb
 311 0027 03       		.uleb128 0x3
 312 0028 08       		.uleb128 0x8
 313 0029 00       		.byte	0x0
 314 002a 00       		.byte	0x0
 315 002b 04       		.uleb128 0x4
 316 002c 16       		.uleb128 0x16
 317 002d 00       		.byte	0x0
 318 002e 03       		.uleb128 0x3
 319 002f 0E       		.uleb128 0xe
 320 0030 3A       		.uleb128 0x3a
 321 0031 0B       		.uleb128 0xb
 322 0032 3B       		.uleb128 0x3b
 323 0033 0B       		.uleb128 0xb
 324 0034 49       		.uleb128 0x49
 325 0035 13       		.uleb128 0x13
 326 0036 00       		.byte	0x0
 327 0037 00       		.byte	0x0
 328 0038 05       		.uleb128 0x5
 329 0039 24       		.uleb128 0x24
 330 003a 00       		.byte	0x0
 331 003b 0B       		.uleb128 0xb
 332 003c 0B       		.uleb128 0xb
 333 003d 3E       		.uleb128 0x3e
 334 003e 0B       		.uleb128 0xb
 335 003f 00       		.byte	0x0
 336 0040 00       		.byte	0x0
 337 0041 06       		.uleb128 0x6
 338 0042 2E       		.uleb128 0x2e
 339 0043 01       		.byte	0x1
 340 0044 3F       		.uleb128 0x3f
 341 0045 0C       		.uleb128 0xc
ARM GAS  C:\Users\meh\AppData\Local\Temp\cczX9Wp8.s 			page 8


 342 0046 03       		.uleb128 0x3
 343 0047 0E       		.uleb128 0xe
 344 0048 3A       		.uleb128 0x3a
 345 0049 0B       		.uleb128 0xb
 346 004a 3B       		.uleb128 0x3b
 347 004b 0B       		.uleb128 0xb
 348 004c 11       		.uleb128 0x11
 349 004d 01       		.uleb128 0x1
 350 004e 12       		.uleb128 0x12
 351 004f 01       		.uleb128 0x1
 352 0050 40       		.uleb128 0x40
 353 0051 06       		.uleb128 0x6
 354 0052 01       		.uleb128 0x1
 355 0053 13       		.uleb128 0x13
 356 0054 00       		.byte	0x0
 357 0055 00       		.byte	0x0
 358 0056 07       		.uleb128 0x7
 359 0057 34       		.uleb128 0x34
 360 0058 00       		.byte	0x0
 361 0059 03       		.uleb128 0x3
 362 005a 0E       		.uleb128 0xe
 363 005b 3A       		.uleb128 0x3a
 364 005c 0B       		.uleb128 0xb
 365 005d 3B       		.uleb128 0x3b
 366 005e 0B       		.uleb128 0xb
 367 005f 49       		.uleb128 0x49
 368 0060 13       		.uleb128 0x13
 369 0061 02       		.uleb128 0x2
 370 0062 0A       		.uleb128 0xa
 371 0063 00       		.byte	0x0
 372 0064 00       		.byte	0x0
 373 0065 08       		.uleb128 0x8
 374 0066 34       		.uleb128 0x34
 375 0067 00       		.byte	0x0
 376 0068 03       		.uleb128 0x3
 377 0069 0E       		.uleb128 0xe
 378 006a 3A       		.uleb128 0x3a
 379 006b 0B       		.uleb128 0xb
 380 006c 3B       		.uleb128 0x3b
 381 006d 05       		.uleb128 0x5
 382 006e 49       		.uleb128 0x49
 383 006f 13       		.uleb128 0x13
 384 0070 3F       		.uleb128 0x3f
 385 0071 0C       		.uleb128 0xc
 386 0072 3C       		.uleb128 0x3c
 387 0073 0C       		.uleb128 0xc
 388 0074 00       		.byte	0x0
 389 0075 00       		.byte	0x0
 390 0076 09       		.uleb128 0x9
 391 0077 35       		.uleb128 0x35
 392 0078 00       		.byte	0x0
 393 0079 49       		.uleb128 0x49
 394 007a 13       		.uleb128 0x13
 395 007b 00       		.byte	0x0
 396 007c 00       		.byte	0x0
 397 007d 00       		.byte	0x0
 398              		.section	.debug_pubnames,"",%progbits
ARM GAS  C:\Users\meh\AppData\Local\Temp\cczX9Wp8.s 			page 9


 399 0000 17000000 		.4byte	0x17
 400 0004 0200     		.2byte	0x2
 401 0006 00000000 		.4byte	.Ldebug_info0
 402 000a E6000000 		.4byte	0xe6
 403 000e 9D000000 		.4byte	0x9d
 404 0012 6D61696E 		.ascii	"main\000"
 404      00
 405 0017 00000000 		.4byte	0x0
 406              		.section	.debug_aranges,"",%progbits
 407 0000 1C000000 		.4byte	0x1c
 408 0004 0200     		.2byte	0x2
 409 0006 00000000 		.4byte	.Ldebug_info0
 410 000a 04       		.byte	0x4
 411 000b 00       		.byte	0x0
 412 000c 0000     		.2byte	0x0
 413 000e 0000     		.2byte	0x0
 414 0010 00000000 		.4byte	.LFB29
 415 0014 A0000000 		.4byte	.LFE29-.LFB29
 416 0018 00000000 		.4byte	0x0
 417 001c 00000000 		.4byte	0x0
 418              		.section	.debug_ranges,"",%progbits
 419              	.Ldebug_ranges0:
 420 0000 00000000 		.4byte	.Ltext0
 421 0004 00000000 		.4byte	.Letext0
 422 0008 00000000 		.4byte	.LFB29
 423 000c A0000000 		.4byte	.LFE29
 424 0010 00000000 		.4byte	0x0
 425 0014 00000000 		.4byte	0x0
 426              		.section	.debug_str,"MS",%progbits,1
 427              	.LASF6:
 428 0000 6C6F6E67 		.ascii	"long long int\000"
 428      206C6F6E 
 428      6720696E 
 428      7400
 429              	.LASF8:
 430 000e 756E7369 		.ascii	"unsigned int\000"
 430      676E6564 
 430      20696E74 
 430      00
 431              	.LASF14:
 432 001b 7570646F 		.ascii	"updown\000"
 432      776E00
 433              	.LASF19:
 434 0022 6D61696E 		.ascii	"main\000"
 434      00
 435              	.LASF10:
 436 0027 696E7438 		.ascii	"int8\000"
 436      00
 437              	.LASF9:
 438 002c 75696E74 		.ascii	"uint8\000"
 438      3800
 439              	.LASF5:
 440 0032 6C6F6E67 		.ascii	"long unsigned int\000"
 440      20756E73 
 440      69676E65 
 440      6420696E 
 440      7400
ARM GAS  C:\Users\meh\AppData\Local\Temp\cczX9Wp8.s 			page 10


 441              	.LASF7:
 442 0044 6C6F6E67 		.ascii	"long long unsigned int\000"
 442      206C6F6E 
 442      6720756E 
 442      7369676E 
 442      65642069 
 443              	.LASF15:
 444 005b 62617267 		.ascii	"bargraph\000"
 444      72617068 
 444      00
 445              	.LASF16:
 446 0064 474E5520 		.ascii	"GNU C 4.4.1\000"
 446      4320342E 
 446      342E3100 
 447              	.LASF1:
 448 0070 756E7369 		.ascii	"unsigned char\000"
 448      676E6564 
 448      20636861 
 448      7200
 449              	.LASF13:
 450 007e 63686172 		.ascii	"char\000"
 450      00
 451              	.LASF20:
 452 0083 49544D5F 		.ascii	"ITM_RxBuffer\000"
 452      52784275 
 452      66666572 
 452      00
 453              	.LASF2:
 454 0090 73686F72 		.ascii	"short int\000"
 454      7420696E 
 454      7400
 455              	.LASF18:
 456 009a 433A5C70 		.ascii	"C:\\perforce\\apps\\content\\creator\\CharLCDmp\\Ch"
 456      6572666F 
 456      7263655C 
 456      61707073 
 456      5C636F6E 
 457 00c7 61724C43 		.ascii	"arLCDmp\\CharLCDmp_Demo\\CharLCDmp_Demo\\CharLCDmp_"
 457      446D705C 
 457      43686172 
 457      4C43446D 
 457      705F4465 
 458 00f7 44656D6F 		.ascii	"Demo.cydsn\000"
 458      2E637964 
 458      736E00
 459              	.LASF12:
 460 0102 646F7562 		.ascii	"double\000"
 460      6C6500
 461              	.LASF4:
 462 0109 6C6F6E67 		.ascii	"long int\000"
 462      20696E74 
 462      00
 463              	.LASF3:
 464 0112 73686F72 		.ascii	"short unsigned int\000"
 464      7420756E 
 464      7369676E 
 464      65642069 
ARM GAS  C:\Users\meh\AppData\Local\Temp\cczX9Wp8.s 			page 11


 464      6E7400
 465              	.LASF0:
 466 0125 7369676E 		.ascii	"signed char\000"
 466      65642063 
 466      68617200 
 467              	.LASF11:
 468 0131 666C6F61 		.ascii	"float\000"
 468      7400
 469              	.LASF17:
 470 0137 2E5C6D61 		.ascii	".\\main.c\000"
 470      696E2E63 
 470      00
 471              		.ident	"GCC: (Sourcery G++ Lite 2010q1-188) 4.4.1"
