--------------- Rebuild Started: 03/20/2013 20:48:30 Project: CharLCDmp_Demo, Configuration: DP8051 Keil 9.03 Debug ---------------
Deleting file ".\DP8051\DP8051_Keil_903\Debug\main.obj"
Deleting file ".\DP8051\DP8051_Keil_903\Debug\CharLCDmp_Demo.hex"
Deleting file ".\DP8051\DP8051_Keil_903\Debug\CharLCDmp_Demo.elf"
Deleting file ".\DP8051\DP8051_Keil_903\Debug\CharLCDmp_Demo.map"
Deleting file ".\CharLCDmp_Demo.cycdx"
Deleting file ".\CharLCDmp_Demo.svd"
Deleting file ".\CharLCDmp_Demo.rpt"
Deleting file ".\CharLCDmp_Demo_timing.html"
Deleting file ".\DP8051\DP8051_Keil_903\Debug\.deps\C_FILE.P"
cydsfit.exe "-.appdatapath" "C:\Users\meh\AppData\Local\Cypress Semiconductor\PSoC Creator\2.2" "-.fdsnotice" "-.fdswarpdepfile=warp_dependencies.txt" "-.fdselabdepfile=elab_dependencies.txt" "-.fdsbldfile=generated_files.txt" "-p" "C:\perforce\apps\content\creator\CharLCDmp\CharLCDmp\CharLCDmp_Demo\CharLCDmp_Demo\CharLCDmp_Demo.cydsn\CharLCDmp_Demo.cyprj" "-d" "CY8C3866AXA-040" "-s" "C:\perforce\apps\content\creator\CharLCDmp\CharLCDmp\CharLCDmp_Demo\CharLCDmp_Demo\CharLCDmp_Demo.cydsn\Generated_Source\PSoC3" "--" "-yv2" "-v3" "-ygs" "-q10" "-o2" "-.fftcfgtype=BE"
Elaborating Design...
HDL Generation ...
Synthesis ...
Place and Route ...
Tech mapping ...
Info: mpr.M0037: Unused pieces of the design have been optimized out. See the Tech mapping section of the report file for details. (App=cydsfit)
Analog Placement ...
Analog Routing ...
Analog Code Generation ...
Digital Placement ...
Digital Routing ...
Bitstream Generation ...
Static timing analysis ...
API Generation ...
Dependency Generation ...
Clean Temporary Files ...
c51.exe .\main.c NOIV LARGE MODDP2 OMF2 VB(1) PR(.\DP8051\DP8051_Keil_903\Debug\main.lst) CD DB NOIP "OT(2, Size)" "DF (DEBUG)" INCDIR(Generated_Source\PSoC3) OJ(.\DP8051\DP8051_Keil_903\Debug\main.obj)
c51.exe .\Generated_Source\PSoC3\RS.c NOIV LARGE MODDP2 OMF2 VB(1) PR(.\DP8051\DP8051_Keil_903\Debug\RS.lst) CD DB NOIP "OT(2, Size)" "DF (DEBUG)" INCDIR(Generated_Source\PSoC3) OJ(.\DP8051\DP8051_Keil_903\Debug\RS.obj)
c51.exe .\Generated_Source\PSoC3\E.c NOIV LARGE MODDP2 OMF2 VB(1) PR(.\DP8051\DP8051_Keil_903\Debug\E.lst) CD DB NOIP "OT(2, Size)" "DF (DEBUG)" INCDIR(Generated_Source\PSoC3) OJ(.\DP8051\DP8051_Keil_903\Debug\E.obj)
c51.exe .\Generated_Source\PSoC3\D4.c NOIV LARGE MODDP2 OMF2 VB(1) PR(.\DP8051\DP8051_Keil_903\Debug\D4.lst) CD DB NOIP "OT(2, Size)" "DF (DEBUG)" INCDIR(Generated_Source\PSoC3) OJ(.\DP8051\DP8051_Keil_903\Debug\D4.obj)
c51.exe .\Generated_Source\PSoC3\D5.c NOIV LARGE MODDP2 OMF2 VB(1) PR(.\DP8051\DP8051_Keil_903\Debug\D5.lst) CD DB NOIP "OT(2, Size)" "DF (DEBUG)" INCDIR(Generated_Source\PSoC3) OJ(.\DP8051\DP8051_Keil_903\Debug\D5.obj)
c51.exe .\Generated_Source\PSoC3\D6.c NOIV LARGE MODDP2 OMF2 VB(1) PR(.\DP8051\DP8051_Keil_903\Debug\D6.lst) CD DB NOIP "OT(2, Size)" "DF (DEBUG)" INCDIR(Generated_Source\PSoC3) OJ(.\DP8051\DP8051_Keil_903\Debug\D6.obj)
c51.exe .\Generated_Source\PSoC3\D7.c NOIV LARGE MODDP2 OMF2 VB(1) PR(.\DP8051\DP8051_Keil_903\Debug\D7.lst) CD DB NOIP "OT(2, Size)" "DF (DEBUG)" INCDIR(Generated_Source\PSoC3) OJ(.\DP8051\DP8051_Keil_903\Debug\D7.obj)
c51.exe .\Generated_Source\PSoC3\LCD_BarGraph.c NOIV LARGE MODDP2 OMF2 VB(1) PR(.\DP8051\DP8051_Keil_903\Debug\LCD_BarGraph.lst) CD DB NOIP "OT(2, Size)" "DF (DEBUG)" INCDIR(Generated_Source\PSoC3) OJ(.\DP8051\DP8051_Keil_903\Debug\LCD_BarGraph.obj)
c51.exe .\Generated_Source\PSoC3\LCD.c NOIV LARGE MODDP2 OMF2 VB(1) PR(.\DP8051\DP8051_Keil_903\Debug\LCD.lst) CD DB NOIP "OT(2, Size)" "DF (DEBUG)" INCDIR(Generated_Source\PSoC3) OJ(.\DP8051\DP8051_Keil_903\Debug\LCD.obj)
c51.exe .\Generated_Source\PSoC3\LCD_PM.c NOIV LARGE MODDP2 OMF2 VB(1) PR(.\DP8051\DP8051_Keil_903\Debug\LCD_PM.lst) CD DB NOIP "OT(2, Size)" "DF (DEBUG)" INCDIR(Generated_Source\PSoC3) OJ(.\DP8051\DP8051_Keil_903\Debug\LCD_PM.obj)
c51.exe .\Generated_Source\PSoC3\LCD_Cntl_Port.c NOIV LARGE MODDP2 OMF2 VB(1) PR(.\DP8051\DP8051_Keil_903\Debug\LCD_Cntl_Port.lst) CD DB NOIP "OT(2, Size)" "DF (DEBUG)" INCDIR(Generated_Source\PSoC3) OJ(.\DP8051\DP8051_Keil_903\Debug\LCD_Cntl_Port.obj)
Ax51.exe .\Generated_Source\PSoC3\CyBootAsmKeil.a51 NOCO MACRO DB DF(DEBUG) PR(.\DP8051\DP8051_Keil_903\Debug/CyBootAsmKeil.lst) CASE EP INCDIR(Generated_Source\PSoC3) OJ(.\DP8051\DP8051_Keil_903\Debug\CyBootAsmKeil.obj)
c51.exe .\Generated_Source\PSoC3\CyDmac.c NOIV LARGE MODDP2 OMF2 VB(1) PR(.\DP8051\DP8051_Keil_903\Debug\CyDmac.lst) CD DB NOIP "OT(2, Size)" "DF (DEBUG)" INCDIR(Generated_Source\PSoC3) OJ(.\DP8051\DP8051_Keil_903\Debug\CyDmac.obj)
c51.exe .\Generated_Source\PSoC3\CyFlash.c NOIV LARGE MODDP2 OMF2 VB(1) PR(.\DP8051\DP8051_Keil_903\Debug\CyFlash.lst) CD DB NOIP "OT(2, Size)" "DF (DEBUG)" INCDIR(Generated_Source\PSoC3) OJ(.\DP8051\DP8051_Keil_903\Debug\CyFlash.obj)
c51.exe .\Generated_Source\PSoC3\CyLib.c NOIV LARGE MODDP2 OMF2 VB(1) PR(.\DP8051\DP8051_Keil_903\Debug\CyLib.lst) CD DB NOIP "OT(2, Size)" "DF (DEBUG)" INCDIR(Generated_Source\PSoC3) OJ(.\DP8051\DP8051_Keil_903\Debug\CyLib.obj)
Ax51.exe .\Generated_Source\PSoC3\cymem.a51 NOCO MACRO DB DF(DEBUG) PR(.\DP8051\DP8051_Keil_903\Debug/cymem.lst) CASE EP INCDIR(Generated_Source\PSoC3) OJ(.\DP8051\DP8051_Keil_903\Debug\cymem.obj)
c51.exe .\Generated_Source\PSoC3\cyPm.c NOIV LARGE MODDP2 OMF2 VB(1) PR(.\DP8051\DP8051_Keil_903\Debug\cyPm.lst) CD DB NOIP "OT(2, Size)" "DF (DEBUG)" INCDIR(Generated_Source\PSoC3) OJ(.\DP8051\DP8051_Keil_903\Debug\cyPm.obj)
c51.exe .\Generated_Source\PSoC3\CySpc.c NOIV LARGE MODDP2 OMF2 VB(1) PR(.\DP8051\DP8051_Keil_903\Debug\CySpc.lst) CD DB NOIP "OT(2, Size)" "DF (DEBUG)" INCDIR(Generated_Source\PSoC3) OJ(.\DP8051\DP8051_Keil_903\Debug\CySpc.obj)
c51.exe .\Generated_Source\PSoC3\cyutils.c NOIV LARGE MODDP2 OMF2 VB(1) PR(.\DP8051\DP8051_Keil_903\Debug\cyutils.lst) CD DB NOIP "OT(2, Size)" "DF (DEBUG)" INCDIR(Generated_Source\PSoC3) OJ(.\DP8051\DP8051_Keil_903\Debug\cyutils.obj)
Ax51.exe .\Generated_Source\PSoC3\KeilStart.a51 NOCO MACRO DB DF(DEBUG) PR(.\DP8051\DP8051_Keil_903\Debug/KeilStart.lst) CASE EP INCDIR(Generated_Source\PSoC3) OJ(.\DP8051\DP8051_Keil_903\Debug\KeilStart.obj)
c51.exe .\Generated_Source\PSoC3\cyfitter_cfg.c NOIV LARGE MODDP2 OMF2 VB(1) PR(.\DP8051\DP8051_Keil_903\Debug\cyfitter_cfg.lst) CD DB NOIP "OT(2, Size)" "DF (DEBUG)" INCDIR(Generated_Source\PSoC3) OJ(.\DP8051\DP8051_Keil_903\Debug\cyfitter_cfg.obj)
LIBX51.exe TRANSFER '.\DP8051\DP8051_Keil_903\Debug\RS.obj', '.\DP8051\DP8051_Keil_903\Debug\E.obj', '.\DP8051\DP8051_Keil_903\Debug\D4.obj', '.\DP8051\DP8051_Keil_903\Debug\D5.obj', '.\DP8051\DP8051_Keil_903\Debug\D6.obj', '.\DP8051\DP8051_Keil_903\Debug\D7.obj', '.\DP8051\DP8051_Keil_903\Debug\LCD_BarGraph.obj', '.\DP8051\DP8051_Keil_903\Debug\LCD.obj', '.\DP8051\DP8051_Keil_903\Debug\LCD_PM.obj', '.\DP8051\DP8051_Keil_903\Debug\LCD_Cntl_Port.obj', '.\DP8051\DP8051_Keil_903\Debug\CyBootAsmKeil.obj', '.\DP8051\DP8051_Keil_903\Debug\CyDmac.obj', '.\DP8051\DP8051_Keil_903\Debug\CyFlash.obj', '.\DP8051\DP8051_Keil_903\Debug\CyLib.obj', '.\DP8051\DP8051_Keil_903\Debug\cymem.obj', '.\DP8051\DP8051_Keil_903\Debug\cyPm.obj', '.\DP8051\DP8051_Keil_903\Debug\CySpc.obj', '.\DP8051\DP8051_Keil_903\Debug\cyutils.obj', '.\DP8051\DP8051_Keil_903\Debug\KeilStart.obj', '.\DP8051\DP8051_Keil_903\Debug\cyfitter_cfg.obj' TO '.\DP8051\DP8051_Keil_903\Debug\CharLCDmp_Demo.lib'
LX51.exe '.\DP8051\DP8051_Keil_903\Debug\main.obj', '.\DP8051\DP8051_Keil_903\Debug\CharLCDmp_Demo.lib', 'C:\Program Files (x86)\Cypress\PSoC Creator\2.2\PSoC Creator\psoc\content\cycomponentlibrary\CyComponentLibrary.cylib\DP8051\DP8051_Keil_903\Debug\CyComponentLibrary.lib'  TO '.\DP8051\DP8051_Keil_903\Debug\CharLCDmp_Demo.omf' PR(.\DP8051\DP8051_Keil_903\Debug\CharLCDmp_Demo.map) IX CODE DW(16) RU CL(XDATA(X:0x0000-X:0x1FFF)) CL(CODE(C:0x0000-C:0xFFFF)) CL(CONST(C:0x0000-C:0xFFFF))
Program Size: data=14.0 xdata=101 const=125 code=3339
OHx51.exe CharLCDmp_Demo.omf HEXFILE(CharLCDmp_Demo.ihx)
c8051-elf-omf2elf.exe CharLCDmp_Demo.omf CharLCDmp_Demo.elf
cyhextool -o .\DP8051\DP8051_Keil_903\Debug\CharLCDmp_Demo.hex -f .\DP8051\DP8051_Keil_903\Debug\CharLCDmp_Demo.ihx -prot .\Generated_Source\PSoC3\protect.hex -id 1E028069 -a EEPROM=90200000:800,PROGRAM=00000000:10000,CONFIG=80000000:2000,PROTECT=90400000:40 -meta 0301 -cunv 00000004 -wonv BC90ACAF -ecc .\Generated_Source\PSoC3\config.hex
Flash used: 3464 of 65536 bytes (5.3 %).
SRAM used: 101 of 8192 bytes (1.2 %).
--------------- Rebuild Succeeded: 03/20/2013 20:48:51 ---------------
