C51 COMPILER V9.03   LCD_CNTL_PORT                                                         03/20/2013 20:48:45 PAGE 1   


C51 COMPILER V9.03, COMPILATION OF MODULE LCD_CNTL_PORT
OBJECT MODULE PLACED IN .\DP8051\DP8051_Keil_903\Debug\LCD_Cntl_Port.obj
COMPILER INVOKED BY: C:\Program Files (x86)\Cypress\PSoC Creator\2.2\PSoC Creator\import\keil\pk51\9.03\C51\BIN\c51.exe 
                    -.\Generated_Source\PSoC3\LCD_Cntl_Port.c NOIV LARGE MODDP2 OMF2 VB(1) PR(.\DP8051\DP8051_Keil_903\Debug\LCD_Cntl_Port.ls
                    -t) CD DB NOIP OT(2,SIZE) DF(DEBUG) INCDIR(Generated_Source\PSoC3) OJ(.\DP8051\DP8051_Keil_903\Debug\LCD_Cntl_Port.obj)

line level    source

   1          /*******************************************************************************
   2          * File Name: LCD_Cntl_Port.c  
   3          * Version 1.70
   4          *
   5          * Description:
   6          *  This file contains API to enable firmware control of a Control Register.
   7          *
   8          * Note:
   9          *
  10          ********************************************************************************
  11          * Copyright 2008-2012, Cypress Semiconductor Corporation.  All rights reserved.
  12          * You may use this file only in accordance with the license, terms, conditions, 
  13          * disclaimers, and limitations in the end user license agreement accompanying 
  14          * the software package with which this file was provided.
  15          *******************************************************************************/
  16          
  17          #include "LCD_Cntl_Port.h"
  18          
  19          #if !defined(LCD_Cntl_Port_Sync_ctrl_reg__REMOVED) /* Check for removal by optimization */
  20          
  21          /*******************************************************************************
  22          * Function Name: LCD_Cntl_Port_Write
  23          ********************************************************************************
  24          *
  25          * Summary:
  26          *  Write a byte to the Control Register.
  27          *
  28          * Parameters:
  29          *  control:  The value to be assigned to the Control Register.
  30          *
  31          * Return:
  32          *  None.
  33          *
  34          *******************************************************************************/
  35          void LCD_Cntl_Port_Write(uint8 control) 
  36          {
  37   1          LCD_Cntl_Port_Control = control;
  38   1      }
  39          
  40          
  41          /*******************************************************************************
  42          * Function Name: LCD_Cntl_Port_Read
  43          ********************************************************************************
  44          *
  45          * Summary:
  46          *  Reads the current value assigned to the Control Register.
  47          *
  48          * Parameters:
  49          *  None.
  50          *
  51          * Return:
  52          *  Returns the current value in the Control Register.
  53          *
C51 COMPILER V9.03   LCD_CNTL_PORT                                                         03/20/2013 20:48:45 PAGE 2   

  54          *******************************************************************************/
  55          uint8 LCD_Cntl_Port_Read(void) 
  56          {
  57   1          return LCD_Cntl_Port_Control;
  58   1      }
  59          
  60          #endif /* End check for removal by optimization */
  61          
  62          
  63          /* [] END OF FILE */
C51 COMPILER V9.03   LCD_CNTL_PORT                                                         03/20/2013 20:48:45 PAGE 3   

ASSEMBLY LISTING OF GENERATED OBJECT CODE


             ; FUNCTION _LCD_Cntl_Port_Write (BEGIN)
                                           ; SOURCE LINE # 35
0000 900000      R     MOV     DPTR,#control
0003 EF                MOV     A,R7
0004 F0                MOVX    @DPTR,A
                                           ; SOURCE LINE # 36
                                           ; SOURCE LINE # 37
0005 900000      R     MOV     DPTR,#control
0008 E0                MOVX    A,@DPTR
0009 FF                MOV     R7,A
000A 906479            MOV     DPTR,#06479H
000D EF                MOV     A,R7
000E F0                MOVX    @DPTR,A
                                           ; SOURCE LINE # 38
000F 22                RET     
             ; FUNCTION _LCD_Cntl_Port_Write (END)

             ; FUNCTION LCD_Cntl_Port_Read (BEGIN)
                                           ; SOURCE LINE # 55
                                           ; SOURCE LINE # 56
                                           ; SOURCE LINE # 57
0000 906479            MOV     DPTR,#06479H
0003 E0                MOVX    A,@DPTR
0004 FF                MOV     R7,A
                                           ; SOURCE LINE # 58
0005         ?C0002:
0005 22                RET     
             ; FUNCTION LCD_Cntl_Port_Read (END)



MODULE INFORMATION:   STATIC OVERLAYABLE
   CODE SIZE        =     22    ----
   CONSTANT SIZE    =   ----    ----
   XDATA SIZE       =   ----       1
   PDATA SIZE       =   ----    ----
   DATA SIZE        =   ----    ----
   IDATA SIZE       =   ----    ----
   BIT SIZE         =   ----    ----
   EDATA SIZE       =   ----    ----
   HDATA SIZE       =   ----    ----
   XDATA CONST SIZE =   ----    ----
   FAR CONST SIZE   =   ----    ----
END OF MODULE INFORMATION.


C51 COMPILATION COMPLETE.  0 WARNING(S),  0 ERROR(S)
