C51 COMPILER V9.03   MAIN                                                                  03/20/2013 20:48:43 PAGE 1   


C51 COMPILER V9.03, COMPILATION OF MODULE MAIN
OBJECT MODULE PLACED IN .\DP8051\DP8051_Keil_903\Debug\main.obj
COMPILER INVOKED BY: C:\Program Files (x86)\Cypress\PSoC Creator\2.2\PSoC Creator\import\keil\pk51\9.03\C51\BIN\c51.exe 
                    -.\main.c NOIV LARGE MODDP2 OMF2 VB(1) PR(.\DP8051\DP8051_Keil_903\Debug\main.lst) CD DB NOIP OT(2,SIZE) DF(DEBUG) INCDIR
                    -(Generated_Source\PSoC3) OJ(.\DP8051\DP8051_Keil_903\Debug\main.obj)

line level    source

   1          /* ========================================
   2           *  CharLCDmp_Demo
   3           *  February 22, 2013
   4           *  Mark Hastings
   5           *
   6           * This simple demo demostrates the Character 
   7           * LCD Muli-Port (mp) component.
   8           *
   9           * ========================================
  10          */
  11          #include <device.h>
  12          
  13          void main()
  14          {
  15   1              uint8 updown;        /* Bargraph up-down flag */
  16   1              int8 bargraph = 0;   /* Bargraph position     */
  17   1              
  18   1          LCD_Start();
  19   1              LCD_Position(0,0);
  20   1              LCD_PrintString("Multi-Port LCD");
  21   1              
  22   1          for(;;)
  23   1          {
  24   2              CyDelay(2);             /* Delay so it doesn't go too fast */
  25   2      
  26   2                      if(updown != 0)         /* Bargaph goes up */
  27   2                      {
  28   3                          bargraph++;
  29   3                          if (bargraph > 65)  /* Go back down once reached 65 */
  30   3                              {
  31   4                                 updown = 0;
  32   4                                 bargraph--;
  33   4                              }
  34   3                      }
  35   2                      else                    /* Bargraph goes Down */
  36   2                      {
  37   3                          bargraph--;
  38   3                          if (bargraph <= 0)  /* Change back to up on 0 */
  39   3                              {
  40   4                                 updown = 1;
  41   4                                 bargraph++;
  42   4                              }
  43   3                      }
  44   2                      LCD_Position(1,0);
  45   2                      LCD_PrintInt8(bargraph);                  /* Show numerical position */
  46   2                  LCD_DrawHorizontalBG(1, 3, 13, bargraph); /* Draw bargraph */
  47   2          }
  48   1      }
  49          
  50          /* [] END OF FILE */
C51 COMPILER V9.03   MAIN                                                                  03/20/2013 20:48:43 PAGE 2   

ASSEMBLY LISTING OF GENERATED OBJECT CODE


             ; FUNCTION main (BEGIN)
                                           ; SOURCE LINE # 13
                                           ; SOURCE LINE # 14
                                           ; SOURCE LINE # 16
0000 900000      R     MOV     DPTR,#bargraph
0003 E4                CLR     A
0004 F0                MOVX    @DPTR,A
                                           ; SOURCE LINE # 18
0005 120000      E     LCALL   LCD_Start
                                           ; SOURCE LINE # 19
0008 7D00              MOV     R5,#00H
000A 7F00              MOV     R7,#00H
000C 120000      E     LCALL   _LCD_Position
                                           ; SOURCE LINE # 20
000F 7BFF              MOV     R3,#0FFH
0011 7A00        R     MOV     R2,#HIGH ?SC_0
0013 7900        R     MOV     R1,#LOW ?SC_0
0015 120000      E     LCALL   _LCD_PrintString
                                           ; SOURCE LINE # 22
0018         ?C0001:
                                           ; SOURCE LINE # 23
                                           ; SOURCE LINE # 24
0018 7F02              MOV     R7,#02H
001A 7E00              MOV     R6,#00H
001C 7D00              MOV     R5,#00H
001E 7C00              MOV     R4,#00H
0020 120000      E     LCALL   _?CyDelay
                                           ; SOURCE LINE # 26
0023 900000      R     MOV     DPTR,#updown
0026 E0                MOVX    A,@DPTR
0027 FF                MOV     R7,A
0028 EF                MOV     A,R7
0029 6020              JZ      ?C0003
                                           ; SOURCE LINE # 27
                                           ; SOURCE LINE # 28
002B 900000      R     MOV     DPTR,#bargraph
002E E0                MOVX    A,@DPTR
002F 04                INC     A
0030 F0                MOVX    @DPTR,A
                                           ; SOURCE LINE # 29
0031 900000      R     MOV     DPTR,#bargraph
0034 E0                MOVX    A,@DPTR
0035 FF                MOV     R7,A
0036 D3                SETB    C
0037 EF                MOV     A,R7
0038 6480              XRL     A,#080H
003A 94C1              SUBB    A,#0C1H
003C 402C              JC      ?C0005
                                           ; SOURCE LINE # 30
                                           ; SOURCE LINE # 31
003E 900000      R     MOV     DPTR,#updown
0041 E4                CLR     A
0042 F0                MOVX    @DPTR,A
                                           ; SOURCE LINE # 32
0043 900000      R     MOV     DPTR,#bargraph
0046 E0                MOVX    A,@DPTR
0047 14                DEC     A
0048 F0                MOVX    @DPTR,A
                                           ; SOURCE LINE # 33
C51 COMPILER V9.03   MAIN                                                                  03/20/2013 20:48:43 PAGE 3   

                                           ; SOURCE LINE # 34
0049 801F              SJMP    ?C0005
004B         ?C0003:
                                           ; SOURCE LINE # 36
                                           ; SOURCE LINE # 37
004B 900000      R     MOV     DPTR,#bargraph
004E E0                MOVX    A,@DPTR
004F 14                DEC     A
0050 F0                MOVX    @DPTR,A
                                           ; SOURCE LINE # 38
0051 900000      R     MOV     DPTR,#bargraph
0054 E0                MOVX    A,@DPTR
0055 FF                MOV     R7,A
0056 D3                SETB    C
0057 EF                MOV     A,R7
0058 6480              XRL     A,#080H
005A 9480              SUBB    A,#080H
005C 500C              JNC     ?C0005
                                           ; SOURCE LINE # 39
                                           ; SOURCE LINE # 40
005E 900000      R     MOV     DPTR,#updown
0061 7401              MOV     A,#01H
0063 F0                MOVX    @DPTR,A
                                           ; SOURCE LINE # 41
0064 900000      R     MOV     DPTR,#bargraph
0067 E0                MOVX    A,@DPTR
0068 04                INC     A
0069 F0                MOVX    @DPTR,A
                                           ; SOURCE LINE # 42
                                           ; SOURCE LINE # 43
006A         ?C0005:
                                           ; SOURCE LINE # 44
006A 7D00              MOV     R5,#00H
006C 7F01              MOV     R7,#01H
006E 120000      E     LCALL   _LCD_Position
                                           ; SOURCE LINE # 45
0071 900000      R     MOV     DPTR,#bargraph
0074 E0                MOVX    A,@DPTR
0075 FF                MOV     R7,A
0076 120000      E     LCALL   _LCD_PrintInt8
                                           ; SOURCE LINE # 46
0079 900000      R     MOV     DPTR,#bargraph
007C E0                MOVX    A,@DPTR
007D FF                MOV     R7,A
007E 900000      E     MOV     DPTR,#?_LCD_DrawHorizontalBG?BYTE+03H
0081 EF                MOV     A,R7
0082 F0                MOVX    @DPTR,A
0083 7B0D              MOV     R3,#0DH
0085 7D03              MOV     R5,#03H
0087 7F01              MOV     R7,#01H
0089 120000      E     LCALL   _LCD_DrawHorizontalBG
                                           ; SOURCE LINE # 47
008C 808A              SJMP    ?C0001
008E 22                RET     
             ; FUNCTION main (END)



MODULE INFORMATION:   STATIC OVERLAYABLE
   CODE SIZE        =    143    ----
   CONSTANT SIZE    =     15    ----
   XDATA SIZE       =   ----       2
C51 COMPILER V9.03   MAIN                                                                  03/20/2013 20:48:43 PAGE 4   

   PDATA SIZE       =   ----    ----
   DATA SIZE        =   ----    ----
   IDATA SIZE       =   ----    ----
   BIT SIZE         =   ----    ----
   EDATA SIZE       =   ----    ----
   HDATA SIZE       =   ----    ----
   XDATA CONST SIZE =   ----    ----
   FAR CONST SIZE   =   ----    ----
END OF MODULE INFORMATION.


C51 COMPILATION COMPLETE.  0 WARNING(S),  0 ERROR(S)
