ARM GAS  C:\Users\quiqu\AppData\Local\Temp\ccAcHIKa.s 			page 1


   1              		.syntax unified
   2              		.cpu cortex-m3
   3              		.fpu softvfp
   4              		.eabi_attribute 20, 1
   5              		.eabi_attribute 21, 1
   6              		.eabi_attribute 23, 3
   7              		.eabi_attribute 24, 1
   8              		.eabi_attribute 25, 1
   9              		.eabi_attribute 26, 1
  10              		.eabi_attribute 30, 1
  11              		.eabi_attribute 34, 1
  12              		.eabi_attribute 18, 4
  13              		.thumb
  14              		.syntax unified
  15              		.file	"main.c"
  16              		.text
  17              	.Ltext0:
  18              		.cfi_sections	.debug_frame
  19              		.section	.text.Temporizador,"ax",%progbits
  20              		.align	2
  21              		.global	Temporizador
  22              		.thumb
  23              		.thumb_func
  24              		.type	Temporizador, %function
  25              	Temporizador:
  26              	.LFB64:
  27              		.file 1 "main.c"
   1:main.c        **** /* ========================================
   2:main.c        ****  *
   3:main.c        ****  * Copyright YOUR COMPANY, THE YEAR
   4:main.c        ****  * All Rights Reserved
   5:main.c        ****  * UNPUBLISHED, LICENSED SOFTWARE.
   6:main.c        ****  *
   7:main.c        ****  * CONFIDENTIAL AND PROPRIETARY INFORMATION
   8:main.c        ****  * WHICH IS THE PROPERTY OF your company.
   9:main.c        ****  *
  10:main.c        ****  * ========================================
  11:main.c        **** */
  12:main.c        **** #include "project.h"
  13:main.c        **** #include "stdlib.h"
  14:main.c        **** 
  15:main.c        **** int data_D_MSB,data_C,data_B,data_A_LSB,cuenta=0,numeroint=0;
  16:main.c        **** char i='\0';
  17:main.c        **** char numero[3]=" ";
  18:main.c        **** char8 Keypad_1_Key[4][4] = {
  19:main.c        ****                         {'1','2','3','A'}, //Row1
  20:main.c        ****                         {'4','5','6','B'}, //Row2
  21:main.c        ****                         {'7','8','9','C'}, //Row3
  22:main.c        ****                         {'*','0','#','D'}  //Row4
  23:main.c        ****                     };
  24:main.c        **** 
  25:main.c        **** void LeerTecla(){
  26:main.c        ****     
  27:main.c        ****     data_D_MSB=Data_D_MSB_Read();
  28:main.c        ****     data_C=Data_C_Read();
  29:main.c        ****     data_B=Data_B_Read();
  30:main.c        ****     data_A_LSB=Data_A_LSB_Read();
ARM GAS  C:\Users\quiqu\AppData\Local\Temp\ccAcHIKa.s 			page 2


  31:main.c        ****     
  32:main.c        ****     if((data_D_MSB == 0)&&(data_C == 0)&&(data_B == 0)&&(data_A_LSB == 0))
  33:main.c        ****     {
  34:main.c        ****         i=Keypad_1_Key[0][3]; //En la matriz primero se coloca valor de Fila y luego valor de Colum
  35:main.c        ****                               //en este caso corresponde a la tecla '*' asterisco
  36:main.c        ****     }
  37:main.c        ****     if((data_D_MSB == 0)&&(data_C == 0)&&(data_B == 0)&&(data_A_LSB == 1))
  38:main.c        ****     {
  39:main.c        ****         i=Keypad_1_Key[1][3]; //en este caso corresponde a la tecla '0' cero
  40:main.c        ****     }
  41:main.c        ****     if((data_D_MSB == 0)&&(data_C == 0)&&(data_B == 1)&&(data_A_LSB == 0))
  42:main.c        ****     {
  43:main.c        ****         i=Keypad_1_Key[0][1]; //en este caso corresponde a la tecla '4' 
  44:main.c        ****     }
  45:main.c        ****     if((data_D_MSB == 0)&&(data_C == 0)&&(data_B == 1)&&(data_A_LSB == 1))
  46:main.c        ****     {
  47:main.c        ****         i=Keypad_1_Key[1][1]; //en este caso corresponde a la tecla '5' 
  48:main.c        ****     }
  49:main.c        ****     if((data_D_MSB == 0)&&(data_C == 1)&&(data_B == 0)&&(data_A_LSB == 0))
  50:main.c        ****     {
  51:main.c        ****         i=Keypad_1_Key[2][3]; //en este caso corresponde a la tecla '#' numeral
  52:main.c        ****     }
  53:main.c        ****     if((data_D_MSB == 0)&&(data_C == 1)&&(data_B == 0)&&(data_A_LSB == 1))
  54:main.c        ****     {
  55:main.c        ****         i=Keypad_1_Key[3][3]; //en este caso corresponde a la tecla 'D' 
  56:main.c        ****     }
  57:main.c        ****     if((data_D_MSB == 0)&&(data_C == 1)&&(data_B == 1)&&(data_A_LSB == 0))
  58:main.c        ****     {
  59:main.c        ****         i=Keypad_1_Key[2][1]; //en este caso corresponde a la tecla '6' 
  60:main.c        ****     }
  61:main.c        ****     if((data_D_MSB == 0)&&(data_C == 1)&&(data_B == 1)&&(data_A_LSB == 1))
  62:main.c        ****     {
  63:main.c        ****         i=Keypad_1_Key[3][1]; //en este caso corresponde a la tecla 'B' 
  64:main.c        ****     }
  65:main.c        ****     if((data_D_MSB == 1)&&(data_C == 0)&&(data_B == 0)&&(data_A_LSB == 0))
  66:main.c        ****     {
  67:main.c        ****         i=Keypad_1_Key[0][2]; //en este caso corresponde a la tecla '7' 
  68:main.c        ****     }
  69:main.c        ****     if((data_D_MSB == 1)&&(data_C == 0)&&(data_B == 0)&&(data_A_LSB == 1))
  70:main.c        ****     {
  71:main.c        ****         i=Keypad_1_Key[1][2]; //en este caso corresponde a la tecla '8' 
  72:main.c        ****     }
  73:main.c        ****     if((data_D_MSB == 1)&&(data_C == 0)&&(data_B == 1)&&(data_A_LSB == 0))
  74:main.c        ****     {
  75:main.c        ****         i=Keypad_1_Key[0][0]; //en este caso corresponde a la tecla '1' 
  76:main.c        ****     }
  77:main.c        ****     if((data_D_MSB == 1)&&(data_C == 0)&&(data_B == 1)&&(data_A_LSB == 1))
  78:main.c        ****     {
  79:main.c        ****         i=Keypad_1_Key[1][0]; //en este caso corresponde a la tecla '2' 
  80:main.c        ****     }
  81:main.c        ****     if((data_D_MSB == 1)&&(data_C == 1)&&(data_B == 0)&&(data_A_LSB == 0))
  82:main.c        ****     {
  83:main.c        ****         i=Keypad_1_Key[2][2]; //en este caso corresponde a la tecla '9' 
  84:main.c        ****     }
  85:main.c        ****     if((data_D_MSB == 1)&&(data_C == 1)&&(data_B == 0)&&(data_A_LSB == 1))
  86:main.c        ****     {
  87:main.c        ****         i=Keypad_1_Key[3][2]; //en este caso corresponde a la tecla 'C' 
ARM GAS  C:\Users\quiqu\AppData\Local\Temp\ccAcHIKa.s 			page 3


  88:main.c        ****     }
  89:main.c        ****     if((data_D_MSB == 1)&&(data_C == 1)&&(data_B == 1)&&(data_A_LSB == 0))
  90:main.c        ****     {
  91:main.c        ****         i=Keypad_1_Key[2][0]; //en este caso corresponde a la tecla '3' 
  92:main.c        ****     }
  93:main.c        ****     if((data_D_MSB == 1)&&(data_C == 1)&&(data_B == 1)&&(data_A_LSB == 1))
  94:main.c        ****     {
  95:main.c        ****         i=Keypad_1_Key[3][0]; //en este caso corresponde a la tecla 'A' 
  96:main.c        ****     }
  97:main.c        ****     
  98:main.c        ****     
  99:main.c        **** }
 100:main.c        **** 
 101:main.c        **** CY_ISR(Temporizador)
 102:main.c        **** {
  28              		.loc 1 102 0
  29              		.cfi_startproc
  30              		@ args = 0, pretend = 0, frame = 0
  31              		@ frame_needed = 0, uses_anonymous_args = 0
  32              		@ link register save eliminated.
 103:main.c        ****     numeroint--;
  33              		.loc 1 103 0
  34 0000 024A     		ldr	r2, .L2
  35 0002 1368     		ldr	r3, [r2]
  36 0004 013B     		subs	r3, r3, #1
  37 0006 1360     		str	r3, [r2]
  38 0008 7047     		bx	lr
  39              	.L3:
  40 000a 00BF     		.align	2
  41              	.L2:
  42 000c 00000000 		.word	.LANCHOR0
  43              		.cfi_endproc
  44              	.LFE64:
  45              		.size	Temporizador, .-Temporizador
  46              		.section	.text.LeerTecla,"ax",%progbits
  47              		.align	2
  48              		.global	LeerTecla
  49              		.thumb
  50              		.thumb_func
  51              		.type	LeerTecla, %function
  52              	LeerTecla:
  53              	.LFB63:
  25:main.c        ****     
  54              		.loc 1 25 0
  55              		.cfi_startproc
  56              		@ args = 0, pretend = 0, frame = 0
  57              		@ frame_needed = 0, uses_anonymous_args = 0
  58 0000 10B5     		push	{r4, lr}
  59              		.cfi_def_cfa_offset 8
  60              		.cfi_offset 4, -8
  61              		.cfi_offset 14, -4
  27:main.c        ****     data_C=Data_C_Read();
  62              		.loc 1 27 0
  63 0002 FFF7FEFF 		bl	Data_D_MSB_Read
  64              	.LVL0:
  65 0006 784C     		ldr	r4, .L22
  66 0008 2060     		str	r0, [r4]
ARM GAS  C:\Users\quiqu\AppData\Local\Temp\ccAcHIKa.s 			page 4


  28:main.c        ****     data_B=Data_B_Read();
  67              		.loc 1 28 0
  68 000a FFF7FEFF 		bl	Data_C_Read
  69              	.LVL1:
  70 000e 774B     		ldr	r3, .L22+4
  71 0010 1860     		str	r0, [r3]
  29:main.c        ****     data_A_LSB=Data_A_LSB_Read();
  72              		.loc 1 29 0
  73 0012 FFF7FEFF 		bl	Data_B_Read
  74              	.LVL2:
  75 0016 764B     		ldr	r3, .L22+8
  76 0018 1860     		str	r0, [r3]
  30:main.c        ****     
  77              		.loc 1 30 0
  78 001a FFF7FEFF 		bl	Data_A_LSB_Read
  79              	.LVL3:
  80 001e 754B     		ldr	r3, .L22+12
  81 0020 1860     		str	r0, [r3]
  32:main.c        ****     {
  82              		.loc 1 32 0
  83 0022 2368     		ldr	r3, [r4]
  84 0024 53B9     		cbnz	r3, .L5
  32:main.c        ****     {
  85              		.loc 1 32 0 is_stmt 0 discriminator 1
  86 0026 714A     		ldr	r2, .L22+4
  87 0028 1268     		ldr	r2, [r2]
  88 002a 3AB9     		cbnz	r2, .L5
  32:main.c        ****     {
  89              		.loc 1 32 0 discriminator 2
  90 002c 704A     		ldr	r2, .L22+8
  91 002e 1268     		ldr	r2, [r2]
  92 0030 22B9     		cbnz	r2, .L5
  32:main.c        ****     {
  93              		.loc 1 32 0 discriminator 3
  94 0032 18B9     		cbnz	r0, .L5
  34:main.c        ****                               //en este caso corresponde a la tecla '*' asterisco
  95              		.loc 1 34 0 is_stmt 1
  96 0034 704A     		ldr	r2, .L22+16
  97 0036 D178     		ldrb	r1, [r2, #3]	@ zero_extendqisi2
  98 0038 704A     		ldr	r2, .L22+20
  99 003a 1171     		strb	r1, [r2, #4]
 100              	.L5:
  37:main.c        ****     {
 101              		.loc 1 37 0
 102 003c 5BB9     		cbnz	r3, .L6
  37:main.c        ****     {
 103              		.loc 1 37 0 is_stmt 0 discriminator 1
 104 003e 6B4A     		ldr	r2, .L22+4
 105 0040 1268     		ldr	r2, [r2]
 106 0042 42B9     		cbnz	r2, .L6
  37:main.c        ****     {
 107              		.loc 1 37 0 discriminator 2
 108 0044 6A4A     		ldr	r2, .L22+8
 109 0046 1268     		ldr	r2, [r2]
 110 0048 2AB9     		cbnz	r2, .L6
  37:main.c        ****     {
 111              		.loc 1 37 0 discriminator 3
ARM GAS  C:\Users\quiqu\AppData\Local\Temp\ccAcHIKa.s 			page 5


 112 004a 0128     		cmp	r0, #1
 113 004c 03D1     		bne	.L6
  39:main.c        ****     }
 114              		.loc 1 39 0 is_stmt 1
 115 004e 6A4A     		ldr	r2, .L22+16
 116 0050 D179     		ldrb	r1, [r2, #7]	@ zero_extendqisi2
 117 0052 6A4A     		ldr	r2, .L22+20
 118 0054 1171     		strb	r1, [r2, #4]
 119              	.L6:
  41:main.c        ****     {
 120              		.loc 1 41 0
 121 0056 5BB9     		cbnz	r3, .L7
  41:main.c        ****     {
 122              		.loc 1 41 0 is_stmt 0 discriminator 1
 123 0058 644A     		ldr	r2, .L22+4
 124 005a 1268     		ldr	r2, [r2]
 125 005c 42B9     		cbnz	r2, .L7
  41:main.c        ****     {
 126              		.loc 1 41 0 discriminator 2
 127 005e 644A     		ldr	r2, .L22+8
 128 0060 1268     		ldr	r2, [r2]
 129 0062 012A     		cmp	r2, #1
 130 0064 04D1     		bne	.L7
  41:main.c        ****     {
 131              		.loc 1 41 0 discriminator 3
 132 0066 18B9     		cbnz	r0, .L7
  43:main.c        ****     }
 133              		.loc 1 43 0 is_stmt 1
 134 0068 634A     		ldr	r2, .L22+16
 135 006a 5178     		ldrb	r1, [r2, #1]	@ zero_extendqisi2
 136 006c 634A     		ldr	r2, .L22+20
 137 006e 1171     		strb	r1, [r2, #4]
 138              	.L7:
  45:main.c        ****     {
 139              		.loc 1 45 0
 140 0070 63B9     		cbnz	r3, .L8
  45:main.c        ****     {
 141              		.loc 1 45 0 is_stmt 0 discriminator 1
 142 0072 5E4A     		ldr	r2, .L22+4
 143 0074 1268     		ldr	r2, [r2]
 144 0076 4AB9     		cbnz	r2, .L8
  45:main.c        ****     {
 145              		.loc 1 45 0 discriminator 2
 146 0078 5D4A     		ldr	r2, .L22+8
 147 007a 1268     		ldr	r2, [r2]
 148 007c 012A     		cmp	r2, #1
 149 007e 05D1     		bne	.L8
  45:main.c        ****     {
 150              		.loc 1 45 0 discriminator 3
 151 0080 0128     		cmp	r0, #1
 152 0082 03D1     		bne	.L8
  47:main.c        ****     }
 153              		.loc 1 47 0 is_stmt 1
 154 0084 5C4A     		ldr	r2, .L22+16
 155 0086 5179     		ldrb	r1, [r2, #5]	@ zero_extendqisi2
 156 0088 5C4A     		ldr	r2, .L22+20
 157 008a 1171     		strb	r1, [r2, #4]
ARM GAS  C:\Users\quiqu\AppData\Local\Temp\ccAcHIKa.s 			page 6


 158              	.L8:
  49:main.c        ****     {
 159              		.loc 1 49 0
 160 008c 5BB9     		cbnz	r3, .L9
  49:main.c        ****     {
 161              		.loc 1 49 0 is_stmt 0 discriminator 1
 162 008e 574A     		ldr	r2, .L22+4
 163 0090 1268     		ldr	r2, [r2]
 164 0092 012A     		cmp	r2, #1
 165 0094 07D1     		bne	.L9
  49:main.c        ****     {
 166              		.loc 1 49 0 discriminator 2
 167 0096 564A     		ldr	r2, .L22+8
 168 0098 1268     		ldr	r2, [r2]
 169 009a 22B9     		cbnz	r2, .L9
  49:main.c        ****     {
 170              		.loc 1 49 0 discriminator 3
 171 009c 18B9     		cbnz	r0, .L9
  51:main.c        ****     }
 172              		.loc 1 51 0 is_stmt 1
 173 009e 564A     		ldr	r2, .L22+16
 174 00a0 D17A     		ldrb	r1, [r2, #11]	@ zero_extendqisi2
 175 00a2 564A     		ldr	r2, .L22+20
 176 00a4 1171     		strb	r1, [r2, #4]
 177              	.L9:
  53:main.c        ****     {
 178              		.loc 1 53 0
 179 00a6 63B9     		cbnz	r3, .L10
  53:main.c        ****     {
 180              		.loc 1 53 0 is_stmt 0 discriminator 1
 181 00a8 504A     		ldr	r2, .L22+4
 182 00aa 1268     		ldr	r2, [r2]
 183 00ac 012A     		cmp	r2, #1
 184 00ae 08D1     		bne	.L10
  53:main.c        ****     {
 185              		.loc 1 53 0 discriminator 2
 186 00b0 4F4A     		ldr	r2, .L22+8
 187 00b2 1268     		ldr	r2, [r2]
 188 00b4 2AB9     		cbnz	r2, .L10
  53:main.c        ****     {
 189              		.loc 1 53 0 discriminator 3
 190 00b6 0128     		cmp	r0, #1
 191 00b8 03D1     		bne	.L10
  55:main.c        ****     }
 192              		.loc 1 55 0 is_stmt 1
 193 00ba 4F4A     		ldr	r2, .L22+16
 194 00bc D17B     		ldrb	r1, [r2, #15]	@ zero_extendqisi2
 195 00be 4F4A     		ldr	r2, .L22+20
 196 00c0 1171     		strb	r1, [r2, #4]
 197              	.L10:
  57:main.c        ****     {
 198              		.loc 1 57 0
 199 00c2 63B9     		cbnz	r3, .L11
  57:main.c        ****     {
 200              		.loc 1 57 0 is_stmt 0 discriminator 1
 201 00c4 494A     		ldr	r2, .L22+4
 202 00c6 1268     		ldr	r2, [r2]
ARM GAS  C:\Users\quiqu\AppData\Local\Temp\ccAcHIKa.s 			page 7


 203 00c8 012A     		cmp	r2, #1
 204 00ca 08D1     		bne	.L11
  57:main.c        ****     {
 205              		.loc 1 57 0 discriminator 2
 206 00cc 484A     		ldr	r2, .L22+8
 207 00ce 1268     		ldr	r2, [r2]
 208 00d0 012A     		cmp	r2, #1
 209 00d2 04D1     		bne	.L11
  57:main.c        ****     {
 210              		.loc 1 57 0 discriminator 3
 211 00d4 18B9     		cbnz	r0, .L11
  59:main.c        ****     }
 212              		.loc 1 59 0 is_stmt 1
 213 00d6 484A     		ldr	r2, .L22+16
 214 00d8 517A     		ldrb	r1, [r2, #9]	@ zero_extendqisi2
 215 00da 484A     		ldr	r2, .L22+20
 216 00dc 1171     		strb	r1, [r2, #4]
 217              	.L11:
  61:main.c        ****     {
 218              		.loc 1 61 0
 219 00de 6BB9     		cbnz	r3, .L12
  61:main.c        ****     {
 220              		.loc 1 61 0 is_stmt 0 discriminator 1
 221 00e0 424A     		ldr	r2, .L22+4
 222 00e2 1268     		ldr	r2, [r2]
 223 00e4 012A     		cmp	r2, #1
 224 00e6 09D1     		bne	.L12
  61:main.c        ****     {
 225              		.loc 1 61 0 discriminator 2
 226 00e8 414A     		ldr	r2, .L22+8
 227 00ea 1268     		ldr	r2, [r2]
 228 00ec 012A     		cmp	r2, #1
 229 00ee 05D1     		bne	.L12
  61:main.c        ****     {
 230              		.loc 1 61 0 discriminator 3
 231 00f0 0128     		cmp	r0, #1
 232 00f2 03D1     		bne	.L12
  63:main.c        ****     }
 233              		.loc 1 63 0 is_stmt 1
 234 00f4 404A     		ldr	r2, .L22+16
 235 00f6 517B     		ldrb	r1, [r2, #13]	@ zero_extendqisi2
 236 00f8 404A     		ldr	r2, .L22+20
 237 00fa 1171     		strb	r1, [r2, #4]
 238              	.L12:
  65:main.c        ****     {
 239              		.loc 1 65 0
 240 00fc 012B     		cmp	r3, #1
 241 00fe 0AD1     		bne	.L13
  65:main.c        ****     {
 242              		.loc 1 65 0 is_stmt 0 discriminator 1
 243 0100 3A4A     		ldr	r2, .L22+4
 244 0102 1268     		ldr	r2, [r2]
 245 0104 3AB9     		cbnz	r2, .L13
  65:main.c        ****     {
 246              		.loc 1 65 0 discriminator 2
 247 0106 3A4A     		ldr	r2, .L22+8
 248 0108 1268     		ldr	r2, [r2]
ARM GAS  C:\Users\quiqu\AppData\Local\Temp\ccAcHIKa.s 			page 8


 249 010a 22B9     		cbnz	r2, .L13
  65:main.c        ****     {
 250              		.loc 1 65 0 discriminator 3
 251 010c 18B9     		cbnz	r0, .L13
  67:main.c        ****     }
 252              		.loc 1 67 0 is_stmt 1
 253 010e 3A4A     		ldr	r2, .L22+16
 254 0110 9178     		ldrb	r1, [r2, #2]	@ zero_extendqisi2
 255 0112 3A4A     		ldr	r2, .L22+20
 256 0114 1171     		strb	r1, [r2, #4]
 257              	.L13:
  69:main.c        ****     {
 258              		.loc 1 69 0
 259 0116 012B     		cmp	r3, #1
 260 0118 0BD1     		bne	.L14
  69:main.c        ****     {
 261              		.loc 1 69 0 is_stmt 0 discriminator 1
 262 011a 344A     		ldr	r2, .L22+4
 263 011c 1268     		ldr	r2, [r2]
 264 011e 42B9     		cbnz	r2, .L14
  69:main.c        ****     {
 265              		.loc 1 69 0 discriminator 2
 266 0120 334A     		ldr	r2, .L22+8
 267 0122 1268     		ldr	r2, [r2]
 268 0124 2AB9     		cbnz	r2, .L14
  69:main.c        ****     {
 269              		.loc 1 69 0 discriminator 3
 270 0126 0128     		cmp	r0, #1
 271 0128 03D1     		bne	.L14
  71:main.c        ****     }
 272              		.loc 1 71 0 is_stmt 1
 273 012a 334A     		ldr	r2, .L22+16
 274 012c 9179     		ldrb	r1, [r2, #6]	@ zero_extendqisi2
 275 012e 334A     		ldr	r2, .L22+20
 276 0130 1171     		strb	r1, [r2, #4]
 277              	.L14:
  73:main.c        ****     {
 278              		.loc 1 73 0
 279 0132 012B     		cmp	r3, #1
 280 0134 0BD1     		bne	.L15
  73:main.c        ****     {
 281              		.loc 1 73 0 is_stmt 0 discriminator 1
 282 0136 2D4A     		ldr	r2, .L22+4
 283 0138 1268     		ldr	r2, [r2]
 284 013a 42B9     		cbnz	r2, .L15
  73:main.c        ****     {
 285              		.loc 1 73 0 discriminator 2
 286 013c 2C4A     		ldr	r2, .L22+8
 287 013e 1268     		ldr	r2, [r2]
 288 0140 012A     		cmp	r2, #1
 289 0142 04D1     		bne	.L15
  73:main.c        ****     {
 290              		.loc 1 73 0 discriminator 3
 291 0144 18B9     		cbnz	r0, .L15
  75:main.c        ****     }
 292              		.loc 1 75 0 is_stmt 1
 293 0146 2C4A     		ldr	r2, .L22+16
ARM GAS  C:\Users\quiqu\AppData\Local\Temp\ccAcHIKa.s 			page 9


 294 0148 1178     		ldrb	r1, [r2]	@ zero_extendqisi2
 295 014a 2C4A     		ldr	r2, .L22+20
 296 014c 1171     		strb	r1, [r2, #4]
 297              	.L15:
  77:main.c        ****     {
 298              		.loc 1 77 0
 299 014e 012B     		cmp	r3, #1
 300 0150 0CD1     		bne	.L16
  77:main.c        ****     {
 301              		.loc 1 77 0 is_stmt 0 discriminator 1
 302 0152 264A     		ldr	r2, .L22+4
 303 0154 1268     		ldr	r2, [r2]
 304 0156 4AB9     		cbnz	r2, .L16
  77:main.c        ****     {
 305              		.loc 1 77 0 discriminator 2
 306 0158 254A     		ldr	r2, .L22+8
 307 015a 1268     		ldr	r2, [r2]
 308 015c 012A     		cmp	r2, #1
 309 015e 05D1     		bne	.L16
  77:main.c        ****     {
 310              		.loc 1 77 0 discriminator 3
 311 0160 0128     		cmp	r0, #1
 312 0162 03D1     		bne	.L16
  79:main.c        ****     }
 313              		.loc 1 79 0 is_stmt 1
 314 0164 244A     		ldr	r2, .L22+16
 315 0166 1179     		ldrb	r1, [r2, #4]	@ zero_extendqisi2
 316 0168 244A     		ldr	r2, .L22+20
 317 016a 1171     		strb	r1, [r2, #4]
 318              	.L16:
  81:main.c        ****     {
 319              		.loc 1 81 0
 320 016c 012B     		cmp	r3, #1
 321 016e 0BD1     		bne	.L17
  81:main.c        ****     {
 322              		.loc 1 81 0 is_stmt 0 discriminator 1
 323 0170 1E4A     		ldr	r2, .L22+4
 324 0172 1268     		ldr	r2, [r2]
 325 0174 012A     		cmp	r2, #1
 326 0176 07D1     		bne	.L17
  81:main.c        ****     {
 327              		.loc 1 81 0 discriminator 2
 328 0178 1D4A     		ldr	r2, .L22+8
 329 017a 1268     		ldr	r2, [r2]
 330 017c 22B9     		cbnz	r2, .L17
  81:main.c        ****     {
 331              		.loc 1 81 0 discriminator 3
 332 017e 18B9     		cbnz	r0, .L17
  83:main.c        ****     }
 333              		.loc 1 83 0 is_stmt 1
 334 0180 1D4A     		ldr	r2, .L22+16
 335 0182 917A     		ldrb	r1, [r2, #10]	@ zero_extendqisi2
 336 0184 1D4A     		ldr	r2, .L22+20
 337 0186 1171     		strb	r1, [r2, #4]
 338              	.L17:
  85:main.c        ****     {
 339              		.loc 1 85 0
ARM GAS  C:\Users\quiqu\AppData\Local\Temp\ccAcHIKa.s 			page 10


 340 0188 012B     		cmp	r3, #1
 341 018a 0CD1     		bne	.L18
  85:main.c        ****     {
 342              		.loc 1 85 0 is_stmt 0 discriminator 1
 343 018c 174A     		ldr	r2, .L22+4
 344 018e 1268     		ldr	r2, [r2]
 345 0190 012A     		cmp	r2, #1
 346 0192 08D1     		bne	.L18
  85:main.c        ****     {
 347              		.loc 1 85 0 discriminator 2
 348 0194 164A     		ldr	r2, .L22+8
 349 0196 1268     		ldr	r2, [r2]
 350 0198 2AB9     		cbnz	r2, .L18
  85:main.c        ****     {
 351              		.loc 1 85 0 discriminator 3
 352 019a 0128     		cmp	r0, #1
 353 019c 03D1     		bne	.L18
  87:main.c        ****     }
 354              		.loc 1 87 0 is_stmt 1
 355 019e 164A     		ldr	r2, .L22+16
 356 01a0 917B     		ldrb	r1, [r2, #14]	@ zero_extendqisi2
 357 01a2 164A     		ldr	r2, .L22+20
 358 01a4 1171     		strb	r1, [r2, #4]
 359              	.L18:
  89:main.c        ****     {
 360              		.loc 1 89 0
 361 01a6 012B     		cmp	r3, #1
 362 01a8 0CD1     		bne	.L19
  89:main.c        ****     {
 363              		.loc 1 89 0 is_stmt 0 discriminator 1
 364 01aa 104A     		ldr	r2, .L22+4
 365 01ac 1268     		ldr	r2, [r2]
 366 01ae 012A     		cmp	r2, #1
 367 01b0 08D1     		bne	.L19
  89:main.c        ****     {
 368              		.loc 1 89 0 discriminator 2
 369 01b2 0F4A     		ldr	r2, .L22+8
 370 01b4 1268     		ldr	r2, [r2]
 371 01b6 012A     		cmp	r2, #1
 372 01b8 04D1     		bne	.L19
  89:main.c        ****     {
 373              		.loc 1 89 0 discriminator 3
 374 01ba 18B9     		cbnz	r0, .L19
  91:main.c        ****     }
 375              		.loc 1 91 0 is_stmt 1
 376 01bc 0E4A     		ldr	r2, .L22+16
 377 01be 117A     		ldrb	r1, [r2, #8]	@ zero_extendqisi2
 378 01c0 0E4A     		ldr	r2, .L22+20
 379 01c2 1171     		strb	r1, [r2, #4]
 380              	.L19:
  93:main.c        ****     {
 381              		.loc 1 93 0
 382 01c4 012B     		cmp	r3, #1
 383 01c6 0DD1     		bne	.L4
  93:main.c        ****     {
 384              		.loc 1 93 0 is_stmt 0 discriminator 1
 385 01c8 084B     		ldr	r3, .L22+4
ARM GAS  C:\Users\quiqu\AppData\Local\Temp\ccAcHIKa.s 			page 11


 386 01ca 1B68     		ldr	r3, [r3]
 387 01cc 012B     		cmp	r3, #1
 388 01ce 09D1     		bne	.L4
  93:main.c        ****     {
 389              		.loc 1 93 0 discriminator 2
 390 01d0 074B     		ldr	r3, .L22+8
 391 01d2 1B68     		ldr	r3, [r3]
 392 01d4 012B     		cmp	r3, #1
 393 01d6 05D1     		bne	.L4
  93:main.c        ****     {
 394              		.loc 1 93 0 discriminator 3
 395 01d8 0128     		cmp	r0, #1
 396 01da 03D1     		bne	.L4
  95:main.c        ****     }
 397              		.loc 1 95 0 is_stmt 1
 398 01dc 064B     		ldr	r3, .L22+16
 399 01de 1A7B     		ldrb	r2, [r3, #12]	@ zero_extendqisi2
 400 01e0 064B     		ldr	r3, .L22+20
 401 01e2 1A71     		strb	r2, [r3, #4]
 402              	.L4:
 403 01e4 10BD     		pop	{r4, pc}
 404              	.L23:
 405 01e6 00BF     		.align	2
 406              	.L22:
 407 01e8 00000000 		.word	data_D_MSB
 408 01ec 00000000 		.word	data_C
 409 01f0 00000000 		.word	data_B
 410 01f4 00000000 		.word	data_A_LSB
 411 01f8 00000000 		.word	.LANCHOR1
 412 01fc 00000000 		.word	.LANCHOR0
 413              		.cfi_endproc
 414              	.LFE63:
 415              		.size	LeerTecla, .-LeerTecla
 416              		.section	.text.LeerTeclaInt,"ax",%progbits
 417              		.align	2
 418              		.global	LeerTeclaInt
 419              		.thumb
 420              		.thumb_func
 421              		.type	LeerTeclaInt, %function
 422              	LeerTeclaInt:
 423              	.LFB65:
 104:main.c        ****     
 105:main.c        **** }
 106:main.c        **** 
 107:main.c        **** CY_ISR(LeerTeclaInt)    //Creo el metodo de interrupcion que llamará a la función LeerTecla()defi
 108:main.c        **** {
 424              		.loc 1 108 0
 425              		.cfi_startproc
 426              		@ args = 0, pretend = 0, frame = 0
 427              		@ frame_needed = 0, uses_anonymous_args = 0
 428 0000 08B5     		push	{r3, lr}
 429              		.cfi_def_cfa_offset 8
 430              		.cfi_offset 3, -8
 431              		.cfi_offset 14, -4
 109:main.c        ****     LeerTecla();
 432              		.loc 1 109 0
 433 0002 FFF7FEFF 		bl	LeerTecla
ARM GAS  C:\Users\quiqu\AppData\Local\Temp\ccAcHIKa.s 			page 12


 434              	.LVL4:
 110:main.c        ****     
 111:main.c        ****     if((i != 'A')&&(i != 'B')&&(i != 'C')&&(i != 'D')&&(i != '*')&&(i != '#'))
 435              		.loc 1 111 0
 436 0006 184B     		ldr	r3, .L30
 437 0008 1B79     		ldrb	r3, [r3, #4]	@ zero_extendqisi2
 438 000a A3F14102 		sub	r2, r3, #65
 439 000e D2B2     		uxtb	r2, r2
 440 0010 032A     		cmp	r2, #3
 441 0012 11D9     		bls	.L25
 442              		.loc 1 111 0 is_stmt 0 discriminator 1
 443 0014 2A2B     		cmp	r3, #42
 444 0016 0FD0     		beq	.L25
 445              		.loc 1 111 0 discriminator 2
 446 0018 232B     		cmp	r3, #35
 447 001a 0DD0     		beq	.L25
 112:main.c        ****     {
 113:main.c        ****         if(cuenta<=3)
 448              		.loc 1 113 0 is_stmt 1
 449 001c 124A     		ldr	r2, .L30
 450 001e 9268     		ldr	r2, [r2, #8]
 451 0020 032A     		cmp	r2, #3
 452 0022 06DC     		bgt	.L26
 114:main.c        ****         {
 115:main.c        ****             numero[cuenta] = i;
 453              		.loc 1 115 0
 454 0024 1149     		ldr	r1, .L30+4
 455 0026 1144     		add	r1, r1, r2
 456 0028 0B74     		strb	r3, [r1, #16]
 116:main.c        ****             cuenta++;
 457              		.loc 1 116 0
 458 002a 0132     		adds	r2, r2, #1
 459 002c 0E49     		ldr	r1, .L30
 460 002e 8A60     		str	r2, [r1, #8]
 461 0030 02E0     		b	.L25
 462              	.L26:
 117:main.c        ****         }else
 118:main.c        ****         {
 119:main.c        ****             cuenta = 0;
 463              		.loc 1 119 0
 464 0032 0021     		movs	r1, #0
 465 0034 0C4A     		ldr	r2, .L30
 466 0036 9160     		str	r1, [r2, #8]
 467              	.L25:
 120:main.c        ****         }
 121:main.c        ****     }
 122:main.c        ****     
 123:main.c        ****     if(i == 'B') // Uso la tecla 'B' para borrar
 468              		.loc 1 123 0
 469 0038 422B     		cmp	r3, #66
 470 003a 08D1     		bne	.L27
 124:main.c        ****     {
 125:main.c        ****         numero[0] = ' ';
 471              		.loc 1 125 0
 472 003c 0B4A     		ldr	r2, .L30+4
 473 003e 2021     		movs	r1, #32
 474 0040 1174     		strb	r1, [r2, #16]
ARM GAS  C:\Users\quiqu\AppData\Local\Temp\ccAcHIKa.s 			page 13


 126:main.c        ****         numero[1] = ' ';
 475              		.loc 1 126 0
 476 0042 5174     		strb	r1, [r2, #17]
 127:main.c        ****         numero[2] = ' ';
 477              		.loc 1 127 0
 478 0044 9174     		strb	r1, [r2, #18]
 128:main.c        ****         numero[3] = ' ';
 479              		.loc 1 128 0
 480 0046 D174     		strb	r1, [r2, #19]
 129:main.c        ****         cuenta = 0;
 481              		.loc 1 129 0
 482 0048 0021     		movs	r1, #0
 483 004a 074A     		ldr	r2, .L30
 484 004c 9160     		str	r1, [r2, #8]
 485              	.L27:
 130:main.c        ****     }
 131:main.c        ****     
 132:main.c        ****     if(i == 'A')
 486              		.loc 1 132 0
 487 004e 412B     		cmp	r3, #65
 488 0050 09D1     		bne	.L24
 133:main.c        ****     {
 134:main.c        ****         numeroint = atoi(numero);
 489              		.loc 1 134 0
 490 0052 0748     		ldr	r0, .L30+8
 491 0054 FFF7FEFF 		bl	atoi
 492              	.LVL5:
 493 0058 034B     		ldr	r3, .L30
 494 005a 1860     		str	r0, [r3]
 135:main.c        ****         
 136:main.c        ****         Timer_Start();
 495              		.loc 1 136 0
 496 005c FFF7FEFF 		bl	Timer_Start
 497              	.LVL6:
 137:main.c        ****         LCD_ClearDisplay();
 498              		.loc 1 137 0
 499 0060 0120     		movs	r0, #1
 500 0062 FFF7FEFF 		bl	LCD_WriteControl
 501              	.LVL7:
 502              	.L24:
 503 0066 08BD     		pop	{r3, pc}
 504              	.L31:
 505              		.align	2
 506              	.L30:
 507 0068 00000000 		.word	.LANCHOR0
 508 006c 00000000 		.word	.LANCHOR1
 509 0070 10000000 		.word	.LANCHOR1+16
 510              		.cfi_endproc
 511              	.LFE65:
 512              		.size	LeerTeclaInt, .-LeerTeclaInt
 513              		.section	.text.main,"ax",%progbits
 514              		.align	2
 515              		.global	main
 516              		.thumb
 517              		.thumb_func
 518              		.type	main, %function
 519              	main:
ARM GAS  C:\Users\quiqu\AppData\Local\Temp\ccAcHIKa.s 			page 14


 520              	.LFB66:
 138:main.c        ****         
 139:main.c        ****     }
 140:main.c        **** }
 141:main.c        **** 
 142:main.c        **** int main()
 143:main.c        **** {
 521              		.loc 1 143 0
 522              		.cfi_startproc
 523              		@ Volatile: function does not return.
 524              		@ args = 0, pretend = 0, frame = 0
 525              		@ frame_needed = 0, uses_anonymous_args = 0
 526 0000 08B5     		push	{r3, lr}
 527              		.cfi_def_cfa_offset 8
 528              		.cfi_offset 3, -8
 529              		.cfi_offset 14, -4
 144:main.c        ****     CyGlobalIntEnable; /* Enable global interrupts. */
 530              		.loc 1 144 0
 531              		.syntax unified
 532              	@ 144 "main.c" 1
 533 0002 62B6     		CPSIE   i
 534              	@ 0 "" 2
 145:main.c        **** 
 146:main.c        ****     /* Place your initialization/startup code here (e.g. MyInst_Start()) */
 147:main.c        ****     timer_clock_Start();
 535              		.loc 1 147 0
 536              		.thumb
 537              		.syntax unified
 538 0004 FFF7FEFF 		bl	timer_clock_Start
 539              	.LVL8:
 148:main.c        ****     LCD_Start();
 540              		.loc 1 148 0
 541 0008 FFF7FEFF 		bl	LCD_Start
 542              	.LVL9:
 149:main.c        ****     
 150:main.c        ****     Pulisr_StartEx(LeerTeclaInt); //Inicializo la interrupcion externa para leer una tecla
 543              		.loc 1 150 0
 544 000c 1548     		ldr	r0, .L37
 545 000e FFF7FEFF 		bl	Pulisr_StartEx
 546              	.LVL10:
 151:main.c        ****     isrtiempo_StartEx(Temporizador);
 547              		.loc 1 151 0
 548 0012 1548     		ldr	r0, .L37+4
 549 0014 FFF7FEFF 		bl	isrtiempo_StartEx
 550              	.LVL11:
 551              	.L34:
 152:main.c        ****     
 153:main.c        ****     
 154:main.c        ****     for(;;)
 155:main.c        ****     {
 156:main.c        ****         /* Place your application code here. */
 157:main.c        ****         if(i != 'A')
 552              		.loc 1 157 0
 553 0018 144B     		ldr	r3, .L37+8
 554 001a 1B79     		ldrb	r3, [r3, #4]	@ zero_extendqisi2
 555 001c 412B     		cmp	r3, #65
 556 001e 0DD0     		beq	.L33
ARM GAS  C:\Users\quiqu\AppData\Local\Temp\ccAcHIKa.s 			page 15


 158:main.c        ****         {
 159:main.c        ****             LCD_Position(0,0);
 557              		.loc 1 159 0
 558 0020 0021     		movs	r1, #0
 559 0022 0846     		mov	r0, r1
 560 0024 FFF7FEFF 		bl	LCD_Position
 561              	.LVL12:
 160:main.c        ****             LCD_PrintString("Ingrese Numero");
 562              		.loc 1 160 0
 563 0028 1148     		ldr	r0, .L37+12
 564 002a FFF7FEFF 		bl	LCD_PrintString
 565              	.LVL13:
 161:main.c        ****             LCD_Position(1,0);
 566              		.loc 1 161 0
 567 002e 0021     		movs	r1, #0
 568 0030 0120     		movs	r0, #1
 569 0032 FFF7FEFF 		bl	LCD_Position
 570              	.LVL14:
 162:main.c        ****             LCD_PrintString(numero);
 571              		.loc 1 162 0
 572 0036 0F48     		ldr	r0, .L37+16
 573 0038 FFF7FEFF 		bl	LCD_PrintString
 574              	.LVL15:
 575              	.L33:
 163:main.c        ****         }
 164:main.c        ****         if(i == 'A')
 576              		.loc 1 164 0
 577 003c 0B4B     		ldr	r3, .L37+8
 578 003e 1B79     		ldrb	r3, [r3, #4]	@ zero_extendqisi2
 579 0040 412B     		cmp	r3, #65
 580 0042 E9D1     		bne	.L34
 165:main.c        ****         {
 166:main.c        ****             LCD_Position(0,0);
 581              		.loc 1 166 0
 582 0044 0021     		movs	r1, #0
 583 0046 0846     		mov	r0, r1
 584 0048 FFF7FEFF 		bl	LCD_Position
 585              	.LVL16:
 167:main.c        ****             LCD_PrintString("  Temporizador ");
 586              		.loc 1 167 0
 587 004c 0A48     		ldr	r0, .L37+20
 588 004e FFF7FEFF 		bl	LCD_PrintString
 589              	.LVL17:
 168:main.c        ****             LCD_Position(1,5);
 590              		.loc 1 168 0
 591 0052 0521     		movs	r1, #5
 592 0054 0120     		movs	r0, #1
 593 0056 FFF7FEFF 		bl	LCD_Position
 594              	.LVL18:
 169:main.c        ****             LCD_PrintNumber(numeroint);
 595              		.loc 1 169 0
 596 005a 044B     		ldr	r3, .L37+8
 597 005c 1888     		ldrh	r0, [r3]
 598 005e FFF7FEFF 		bl	LCD_PrintU32Number
 599              	.LVL19:
 600 0062 D9E7     		b	.L34
 601              	.L38:
ARM GAS  C:\Users\quiqu\AppData\Local\Temp\ccAcHIKa.s 			page 16


 602              		.align	2
 603              	.L37:
 604 0064 00000000 		.word	LeerTeclaInt
 605 0068 00000000 		.word	Temporizador
 606 006c 00000000 		.word	.LANCHOR0
 607 0070 00000000 		.word	.LC0
 608 0074 10000000 		.word	.LANCHOR1+16
 609 0078 10000000 		.word	.LC1
 610              		.cfi_endproc
 611              	.LFE66:
 612              		.size	main, .-main
 613              		.global	Keypad_1_Key
 614              		.global	numero
 615              		.global	i
 616              		.global	numeroint
 617              		.global	cuenta
 618              		.comm	data_A_LSB,4,4
 619              		.comm	data_B,4,4
 620              		.comm	data_C,4,4
 621              		.comm	data_D_MSB,4,4
 622              		.data
 623              		.align	2
 624              		.set	.LANCHOR1,. + 0
 625              		.type	Keypad_1_Key, %object
 626              		.size	Keypad_1_Key, 16
 627              	Keypad_1_Key:
 628 0000 31       		.byte	49
 629 0001 32       		.byte	50
 630 0002 33       		.byte	51
 631 0003 41       		.byte	65
 632 0004 34       		.byte	52
 633 0005 35       		.byte	53
 634 0006 36       		.byte	54
 635 0007 42       		.byte	66
 636 0008 37       		.byte	55
 637 0009 38       		.byte	56
 638 000a 39       		.byte	57
 639 000b 43       		.byte	67
 640 000c 2A       		.byte	42
 641 000d 30       		.byte	48
 642 000e 23       		.byte	35
 643 000f 44       		.byte	68
 644              		.type	numero, %object
 645              		.size	numero, 3
 646              	numero:
 647 0010 2000     		.ascii	" \000"
 648 0012 00       		.space	1
 649              		.section	.rodata.str1.4,"aMS",%progbits,1
 650              		.align	2
 651              	.LC0:
 652 0000 496E6772 		.ascii	"Ingrese Numero\000"
 652      65736520 
 652      4E756D65 
 652      726F00
 653 000f 00       		.space	1
 654              	.LC1:
 655 0010 20205465 		.ascii	"  Temporizador \000"
ARM GAS  C:\Users\quiqu\AppData\Local\Temp\ccAcHIKa.s 			page 17


 655      6D706F72 
 655      697A6164 
 655      6F722000 
 656              		.bss
 657              		.align	2
 658              		.set	.LANCHOR0,. + 0
 659              		.type	numeroint, %object
 660              		.size	numeroint, 4
 661              	numeroint:
 662 0000 00000000 		.space	4
 663              		.type	i, %object
 664              		.size	i, 1
 665              	i:
 666 0004 00       		.space	1
 667 0005 000000   		.space	3
 668              		.type	cuenta, %object
 669              		.size	cuenta, 4
 670              	cuenta:
 671 0008 00000000 		.space	4
 672              		.text
 673              	.Letext0:
 674              		.file 2 "c:\\program files (x86)\\cypress\\psoc creator\\4.2\\psoc creator\\import\\gnu\\arm\\5.4.
 675              		.file 3 "c:\\program files (x86)\\cypress\\psoc creator\\4.2\\psoc creator\\import\\gnu\\arm\\5.4.
 676              		.file 4 "Generated_Source\\PSoC5/cytypes.h"
 677              		.file 5 "Generated_Source\\PSoC5/core_cm3.h"
 678              		.file 6 "Generated_Source\\PSoC5/Data_D_MSB.h"
 679              		.file 7 "Generated_Source\\PSoC5/Data_C.h"
 680              		.file 8 "Generated_Source\\PSoC5/Data_B.h"
 681              		.file 9 "Generated_Source\\PSoC5/Data_A_LSB.h"
 682              		.file 10 "c:\\program files (x86)\\cypress\\psoc creator\\4.2\\psoc creator\\import\\gnu\\arm\\5.4
 683              		.file 11 "Generated_Source\\PSoC5/Timer.h"
 684              		.file 12 "Generated_Source\\PSoC5/LCD.h"
 685              		.file 13 "Generated_Source\\PSoC5/timer_clock.h"
 686              		.file 14 "Generated_Source\\PSoC5/Pulisr.h"
 687              		.file 15 "Generated_Source\\PSoC5/isrtiempo.h"
 688              		.section	.debug_info,"",%progbits
 689              	.Ldebug_info0:
 690 0000 C2030000 		.4byte	0x3c2
 691 0004 0400     		.2byte	0x4
 692 0006 00000000 		.4byte	.Ldebug_abbrev0
 693 000a 04       		.byte	0x4
 694 000b 01       		.uleb128 0x1
 695 000c 6B000000 		.4byte	.LASF41
 696 0010 0C       		.byte	0xc
 697 0011 24020000 		.4byte	.LASF42
 698 0015 46020000 		.4byte	.LASF43
 699 0019 00000000 		.4byte	.Ldebug_ranges0+0
 700 001d 00000000 		.4byte	0
 701 0021 00000000 		.4byte	.Ldebug_line0
 702 0025 02       		.uleb128 0x2
 703 0026 01       		.byte	0x1
 704 0027 06       		.byte	0x6
 705 0028 D2020000 		.4byte	.LASF0
 706 002c 02       		.uleb128 0x2
 707 002d 01       		.byte	0x1
 708 002e 08       		.byte	0x8
 709 002f 5D000000 		.4byte	.LASF1
ARM GAS  C:\Users\quiqu\AppData\Local\Temp\ccAcHIKa.s 			page 18


 710 0033 02       		.uleb128 0x2
 711 0034 02       		.byte	0x2
 712 0035 05       		.byte	0x5
 713 0036 8F020000 		.4byte	.LASF2
 714 003a 02       		.uleb128 0x2
 715 003b 02       		.byte	0x2
 716 003c 07       		.byte	0x7
 717 003d 1E010000 		.4byte	.LASF3
 718 0041 03       		.uleb128 0x3
 719 0042 1C000000 		.4byte	.LASF9
 720 0046 02       		.byte	0x2
 721 0047 3F       		.byte	0x3f
 722 0048 4C000000 		.4byte	0x4c
 723 004c 02       		.uleb128 0x2
 724 004d 04       		.byte	0x4
 725 004e 05       		.byte	0x5
 726 004f B8020000 		.4byte	.LASF4
 727 0053 02       		.uleb128 0x2
 728 0054 04       		.byte	0x4
 729 0055 07       		.byte	0x7
 730 0056 0C010000 		.4byte	.LASF5
 731 005a 02       		.uleb128 0x2
 732 005b 08       		.byte	0x8
 733 005c 05       		.byte	0x5
 734 005d 16020000 		.4byte	.LASF6
 735 0061 02       		.uleb128 0x2
 736 0062 08       		.byte	0x8
 737 0063 07       		.byte	0x7
 738 0064 BE010000 		.4byte	.LASF7
 739 0068 04       		.uleb128 0x4
 740 0069 04       		.byte	0x4
 741 006a 05       		.byte	0x5
 742 006b 696E7400 		.ascii	"int\000"
 743 006f 02       		.uleb128 0x2
 744 0070 04       		.byte	0x4
 745 0071 07       		.byte	0x7
 746 0072 A5010000 		.4byte	.LASF8
 747 0076 03       		.uleb128 0x3
 748 0077 05020000 		.4byte	.LASF10
 749 007b 03       		.byte	0x3
 750 007c 2C       		.byte	0x2c
 751 007d 41000000 		.4byte	0x41
 752 0081 05       		.uleb128 0x5
 753 0082 64010000 		.4byte	.LASF11
 754 0086 04       		.byte	0x4
 755 0087 E501     		.2byte	0x1e5
 756 0089 3A000000 		.4byte	0x3a
 757 008d 02       		.uleb128 0x2
 758 008e 04       		.byte	0x4
 759 008f 04       		.byte	0x4
 760 0090 40000000 		.4byte	.LASF12
 761 0094 02       		.uleb128 0x2
 762 0095 08       		.byte	0x8
 763 0096 04       		.byte	0x4
 764 0097 5D010000 		.4byte	.LASF13
 765 009b 05       		.uleb128 0x5
 766 009c F9000000 		.4byte	.LASF14
ARM GAS  C:\Users\quiqu\AppData\Local\Temp\ccAcHIKa.s 			page 19


 767 00a0 04       		.byte	0x4
 768 00a1 F501     		.2byte	0x1f5
 769 00a3 A7000000 		.4byte	0xa7
 770 00a7 02       		.uleb128 0x2
 771 00a8 01       		.byte	0x1
 772 00a9 08       		.byte	0x8
 773 00aa C1020000 		.4byte	.LASF15
 774 00ae 02       		.uleb128 0x2
 775 00af 08       		.byte	0x8
 776 00b0 04       		.byte	0x4
 777 00b1 C6020000 		.4byte	.LASF16
 778 00b5 02       		.uleb128 0x2
 779 00b6 04       		.byte	0x4
 780 00b7 07       		.byte	0x7
 781 00b8 0D020000 		.4byte	.LASF17
 782 00bc 06       		.uleb128 0x6
 783 00bd 50000000 		.4byte	.LASF44
 784 00c1 01       		.byte	0x1
 785 00c2 65       		.byte	0x65
 786 00c3 00000000 		.4byte	.LFB64
 787 00c7 10000000 		.4byte	.LFE64-.LFB64
 788 00cb 01       		.uleb128 0x1
 789 00cc 9C       		.byte	0x9c
 790 00cd 07       		.uleb128 0x7
 791 00ce 12000000 		.4byte	.LASF45
 792 00d2 01       		.byte	0x1
 793 00d3 19       		.byte	0x19
 794 00d4 00000000 		.4byte	.LFB63
 795 00d8 00020000 		.4byte	.LFE63-.LFB63
 796 00dc 01       		.uleb128 0x1
 797 00dd 9C       		.byte	0x9c
 798 00de 07010000 		.4byte	0x107
 799 00e2 08       		.uleb128 0x8
 800 00e3 06000000 		.4byte	.LVL0
 801 00e7 2B030000 		.4byte	0x32b
 802 00eb 08       		.uleb128 0x8
 803 00ec 0E000000 		.4byte	.LVL1
 804 00f0 36030000 		.4byte	0x336
 805 00f4 08       		.uleb128 0x8
 806 00f5 16000000 		.4byte	.LVL2
 807 00f9 41030000 		.4byte	0x341
 808 00fd 08       		.uleb128 0x8
 809 00fe 1E000000 		.4byte	.LVL3
 810 0102 4C030000 		.4byte	0x34c
 811 0106 00       		.byte	0
 812 0107 09       		.uleb128 0x9
 813 0108 FF000000 		.4byte	.LASF46
 814 010c 01       		.byte	0x1
 815 010d 6B       		.byte	0x6b
 816 010e 00000000 		.4byte	.LFB65
 817 0112 74000000 		.4byte	.LFE65-.LFB65
 818 0116 01       		.uleb128 0x1
 819 0117 9C       		.byte	0x9c
 820 0118 55010000 		.4byte	0x155
 821 011c 08       		.uleb128 0x8
 822 011d 06000000 		.4byte	.LVL4
 823 0121 CD000000 		.4byte	0xcd
ARM GAS  C:\Users\quiqu\AppData\Local\Temp\ccAcHIKa.s 			page 20


 824 0125 0A       		.uleb128 0xa
 825 0126 58000000 		.4byte	.LVL5
 826 012a 57030000 		.4byte	0x357
 827 012e 3C010000 		.4byte	0x13c
 828 0132 0B       		.uleb128 0xb
 829 0133 01       		.uleb128 0x1
 830 0134 50       		.byte	0x50
 831 0135 05       		.uleb128 0x5
 832 0136 03       		.byte	0x3
 833 0137 10000000 		.4byte	.LANCHOR1+16
 834 013b 00       		.byte	0
 835 013c 08       		.uleb128 0x8
 836 013d 60000000 		.4byte	.LVL6
 837 0141 62030000 		.4byte	0x362
 838 0145 0C       		.uleb128 0xc
 839 0146 66000000 		.4byte	.LVL7
 840 014a 6D030000 		.4byte	0x36d
 841 014e 0B       		.uleb128 0xb
 842 014f 01       		.uleb128 0x1
 843 0150 50       		.byte	0x50
 844 0151 01       		.uleb128 0x1
 845 0152 31       		.byte	0x31
 846 0153 00       		.byte	0
 847 0154 00       		.byte	0
 848 0155 0D       		.uleb128 0xd
 849 0156 6B010000 		.4byte	.LASF47
 850 015a 01       		.byte	0x1
 851 015b 8E       		.byte	0x8e
 852 015c 68000000 		.4byte	0x68
 853 0160 00000000 		.4byte	.LFB66
 854 0164 7C000000 		.4byte	.LFE66-.LFB66
 855 0168 01       		.uleb128 0x1
 856 0169 9C       		.byte	0x9c
 857 016a 5D020000 		.4byte	0x25d
 858 016e 08       		.uleb128 0x8
 859 016f 08000000 		.4byte	.LVL8
 860 0173 78030000 		.4byte	0x378
 861 0177 08       		.uleb128 0x8
 862 0178 0C000000 		.4byte	.LVL9
 863 017c 83030000 		.4byte	0x383
 864 0180 0A       		.uleb128 0xa
 865 0181 12000000 		.4byte	.LVL10
 866 0185 8E030000 		.4byte	0x38e
 867 0189 97010000 		.4byte	0x197
 868 018d 0B       		.uleb128 0xb
 869 018e 01       		.uleb128 0x1
 870 018f 50       		.byte	0x50
 871 0190 05       		.uleb128 0x5
 872 0191 03       		.byte	0x3
 873 0192 00000000 		.4byte	LeerTeclaInt
 874 0196 00       		.byte	0
 875 0197 0A       		.uleb128 0xa
 876 0198 18000000 		.4byte	.LVL11
 877 019c 99030000 		.4byte	0x399
 878 01a0 AE010000 		.4byte	0x1ae
 879 01a4 0B       		.uleb128 0xb
 880 01a5 01       		.uleb128 0x1
ARM GAS  C:\Users\quiqu\AppData\Local\Temp\ccAcHIKa.s 			page 21


 881 01a6 50       		.byte	0x50
 882 01a7 05       		.uleb128 0x5
 883 01a8 03       		.byte	0x3
 884 01a9 00000000 		.4byte	Temporizador
 885 01ad 00       		.byte	0
 886 01ae 0A       		.uleb128 0xa
 887 01af 28000000 		.4byte	.LVL12
 888 01b3 A4030000 		.4byte	0x3a4
 889 01b7 C6010000 		.4byte	0x1c6
 890 01bb 0B       		.uleb128 0xb
 891 01bc 01       		.uleb128 0x1
 892 01bd 50       		.byte	0x50
 893 01be 01       		.uleb128 0x1
 894 01bf 30       		.byte	0x30
 895 01c0 0B       		.uleb128 0xb
 896 01c1 01       		.uleb128 0x1
 897 01c2 51       		.byte	0x51
 898 01c3 01       		.uleb128 0x1
 899 01c4 30       		.byte	0x30
 900 01c5 00       		.byte	0
 901 01c6 0A       		.uleb128 0xa
 902 01c7 2E000000 		.4byte	.LVL13
 903 01cb AF030000 		.4byte	0x3af
 904 01cf DD010000 		.4byte	0x1dd
 905 01d3 0B       		.uleb128 0xb
 906 01d4 01       		.uleb128 0x1
 907 01d5 50       		.byte	0x50
 908 01d6 05       		.uleb128 0x5
 909 01d7 03       		.byte	0x3
 910 01d8 00000000 		.4byte	.LC0
 911 01dc 00       		.byte	0
 912 01dd 0A       		.uleb128 0xa
 913 01de 36000000 		.4byte	.LVL14
 914 01e2 A4030000 		.4byte	0x3a4
 915 01e6 F5010000 		.4byte	0x1f5
 916 01ea 0B       		.uleb128 0xb
 917 01eb 01       		.uleb128 0x1
 918 01ec 50       		.byte	0x50
 919 01ed 01       		.uleb128 0x1
 920 01ee 31       		.byte	0x31
 921 01ef 0B       		.uleb128 0xb
 922 01f0 01       		.uleb128 0x1
 923 01f1 51       		.byte	0x51
 924 01f2 01       		.uleb128 0x1
 925 01f3 30       		.byte	0x30
 926 01f4 00       		.byte	0
 927 01f5 0A       		.uleb128 0xa
 928 01f6 3C000000 		.4byte	.LVL15
 929 01fa AF030000 		.4byte	0x3af
 930 01fe 0C020000 		.4byte	0x20c
 931 0202 0B       		.uleb128 0xb
 932 0203 01       		.uleb128 0x1
 933 0204 50       		.byte	0x50
 934 0205 05       		.uleb128 0x5
 935 0206 03       		.byte	0x3
 936 0207 10000000 		.4byte	.LANCHOR1+16
 937 020b 00       		.byte	0
ARM GAS  C:\Users\quiqu\AppData\Local\Temp\ccAcHIKa.s 			page 22


 938 020c 0A       		.uleb128 0xa
 939 020d 4C000000 		.4byte	.LVL16
 940 0211 A4030000 		.4byte	0x3a4
 941 0215 24020000 		.4byte	0x224
 942 0219 0B       		.uleb128 0xb
 943 021a 01       		.uleb128 0x1
 944 021b 50       		.byte	0x50
 945 021c 01       		.uleb128 0x1
 946 021d 30       		.byte	0x30
 947 021e 0B       		.uleb128 0xb
 948 021f 01       		.uleb128 0x1
 949 0220 51       		.byte	0x51
 950 0221 01       		.uleb128 0x1
 951 0222 30       		.byte	0x30
 952 0223 00       		.byte	0
 953 0224 0A       		.uleb128 0xa
 954 0225 52000000 		.4byte	.LVL17
 955 0229 AF030000 		.4byte	0x3af
 956 022d 3B020000 		.4byte	0x23b
 957 0231 0B       		.uleb128 0xb
 958 0232 01       		.uleb128 0x1
 959 0233 50       		.byte	0x50
 960 0234 05       		.uleb128 0x5
 961 0235 03       		.byte	0x3
 962 0236 10000000 		.4byte	.LC1
 963 023a 00       		.byte	0
 964 023b 0A       		.uleb128 0xa
 965 023c 5A000000 		.4byte	.LVL18
 966 0240 A4030000 		.4byte	0x3a4
 967 0244 53020000 		.4byte	0x253
 968 0248 0B       		.uleb128 0xb
 969 0249 01       		.uleb128 0x1
 970 024a 50       		.byte	0x50
 971 024b 01       		.uleb128 0x1
 972 024c 31       		.byte	0x31
 973 024d 0B       		.uleb128 0xb
 974 024e 01       		.uleb128 0x1
 975 024f 51       		.byte	0x51
 976 0250 01       		.uleb128 0x1
 977 0251 35       		.byte	0x35
 978 0252 00       		.byte	0
 979 0253 08       		.uleb128 0x8
 980 0254 62000000 		.4byte	.LVL19
 981 0258 BA030000 		.4byte	0x3ba
 982 025c 00       		.byte	0
 983 025d 0E       		.uleb128 0xe
 984 025e 41010000 		.4byte	.LASF18
 985 0262 05       		.byte	0x5
 986 0263 1207     		.2byte	0x712
 987 0265 69020000 		.4byte	0x269
 988 0269 0F       		.uleb128 0xf
 989 026a 76000000 		.4byte	0x76
 990 026e 10       		.uleb128 0x10
 991 026f F5010000 		.4byte	.LASF19
 992 0273 01       		.byte	0x1
 993 0274 0F       		.byte	0xf
 994 0275 68000000 		.4byte	0x68
ARM GAS  C:\Users\quiqu\AppData\Local\Temp\ccAcHIKa.s 			page 23


 995 0279 05       		.uleb128 0x5
 996 027a 03       		.byte	0x3
 997 027b 00000000 		.4byte	data_D_MSB
 998 027f 10       		.uleb128 0x10
 999 0280 26000000 		.4byte	.LASF20
 1000 0284 01       		.byte	0x1
 1001 0285 0F       		.byte	0xf
 1002 0286 68000000 		.4byte	0x68
 1003 028a 05       		.uleb128 0x5
 1004 028b 03       		.byte	0x3
 1005 028c 00000000 		.4byte	data_C
 1006 0290 10       		.uleb128 0x10
 1007 0291 39000000 		.4byte	.LASF21
 1008 0295 01       		.byte	0x1
 1009 0296 0F       		.byte	0xf
 1010 0297 68000000 		.4byte	0x68
 1011 029b 05       		.uleb128 0x5
 1012 029c 03       		.byte	0x3
 1013 029d 00000000 		.4byte	data_B
 1014 02a1 10       		.uleb128 0x10
 1015 02a2 9A010000 		.4byte	.LASF22
 1016 02a6 01       		.byte	0x1
 1017 02a7 0F       		.byte	0xf
 1018 02a8 68000000 		.4byte	0x68
 1019 02ac 05       		.uleb128 0x5
 1020 02ad 03       		.byte	0x3
 1021 02ae 00000000 		.4byte	data_A_LSB
 1022 02b2 10       		.uleb128 0x10
 1023 02b3 80010000 		.4byte	.LASF23
 1024 02b7 01       		.byte	0x1
 1025 02b8 0F       		.byte	0xf
 1026 02b9 68000000 		.4byte	0x68
 1027 02bd 05       		.uleb128 0x5
 1028 02be 03       		.byte	0x3
 1029 02bf 00000000 		.4byte	cuenta
 1030 02c3 10       		.uleb128 0x10
 1031 02c4 2B020000 		.4byte	.LASF24
 1032 02c8 01       		.byte	0x1
 1033 02c9 0F       		.byte	0xf
 1034 02ca 68000000 		.4byte	0x68
 1035 02ce 05       		.uleb128 0x5
 1036 02cf 03       		.byte	0x3
 1037 02d0 00000000 		.4byte	numeroint
 1038 02d4 11       		.uleb128 0x11
 1039 02d5 6900     		.ascii	"i\000"
 1040 02d7 01       		.byte	0x1
 1041 02d8 10       		.byte	0x10
 1042 02d9 A7000000 		.4byte	0xa7
 1043 02dd 05       		.uleb128 0x5
 1044 02de 03       		.byte	0x3
 1045 02df 00000000 		.4byte	i
 1046 02e3 12       		.uleb128 0x12
 1047 02e4 A7000000 		.4byte	0xa7
 1048 02e8 F3020000 		.4byte	0x2f3
 1049 02ec 13       		.uleb128 0x13
 1050 02ed B5000000 		.4byte	0xb5
 1051 02f1 02       		.byte	0x2
ARM GAS  C:\Users\quiqu\AppData\Local\Temp\ccAcHIKa.s 			page 24


 1052 02f2 00       		.byte	0
 1053 02f3 10       		.uleb128 0x10
 1054 02f4 87010000 		.4byte	.LASF25
 1055 02f8 01       		.byte	0x1
 1056 02f9 11       		.byte	0x11
 1057 02fa E3020000 		.4byte	0x2e3
 1058 02fe 05       		.uleb128 0x5
 1059 02ff 03       		.byte	0x3
 1060 0300 00000000 		.4byte	numero
 1061 0304 12       		.uleb128 0x12
 1062 0305 9B000000 		.4byte	0x9b
 1063 0309 1A030000 		.4byte	0x31a
 1064 030d 13       		.uleb128 0x13
 1065 030e B5000000 		.4byte	0xb5
 1066 0312 03       		.byte	0x3
 1067 0313 13       		.uleb128 0x13
 1068 0314 B5000000 		.4byte	0xb5
 1069 0318 03       		.byte	0x3
 1070 0319 00       		.byte	0
 1071 031a 10       		.uleb128 0x10
 1072 031b 99020000 		.4byte	.LASF26
 1073 031f 01       		.byte	0x1
 1074 0320 12       		.byte	0x12
 1075 0321 04030000 		.4byte	0x304
 1076 0325 05       		.uleb128 0x5
 1077 0326 03       		.byte	0x3
 1078 0327 00000000 		.4byte	Keypad_1_Key
 1079 032b 14       		.uleb128 0x14
 1080 032c 7F020000 		.4byte	.LASF27
 1081 0330 7F020000 		.4byte	.LASF27
 1082 0334 06       		.byte	0x6
 1083 0335 29       		.byte	0x29
 1084 0336 14       		.uleb128 0x14
 1085 0337 B2010000 		.4byte	.LASF28
 1086 033b B2010000 		.4byte	.LASF28
 1087 033f 07       		.byte	0x7
 1088 0340 29       		.byte	0x29
 1089 0341 14       		.uleb128 0x14
 1090 0342 2D000000 		.4byte	.LASF29
 1091 0346 2D000000 		.4byte	.LASF29
 1092 034a 08       		.byte	0x8
 1093 034b 29       		.byte	0x29
 1094 034c 14       		.uleb128 0x14
 1095 034d 31010000 		.4byte	.LASF30
 1096 0351 31010000 		.4byte	.LASF30
 1097 0355 09       		.byte	0x9
 1098 0356 29       		.byte	0x29
 1099 0357 14       		.uleb128 0x14
 1100 0358 00020000 		.4byte	.LASF31
 1101 035c 00020000 		.4byte	.LASF31
 1102 0360 0A       		.byte	0xa
 1103 0361 4D       		.byte	0x4d
 1104 0362 14       		.uleb128 0x14
 1105 0363 8E010000 		.4byte	.LASF32
 1106 0367 8E010000 		.4byte	.LASF32
 1107 036b 0B       		.byte	0xb
 1108 036c 5A       		.byte	0x5a
ARM GAS  C:\Users\quiqu\AppData\Local\Temp\ccAcHIKa.s 			page 25


 1109 036d 14       		.uleb128 0x14
 1110 036e 35020000 		.4byte	.LASF33
 1111 0372 35020000 		.4byte	.LASF33
 1112 0376 0C       		.byte	0xc
 1113 0377 3A       		.byte	0x3a
 1114 0378 14       		.uleb128 0x14
 1115 0379 00000000 		.4byte	.LASF34
 1116 037d 00000000 		.4byte	.LASF34
 1117 0381 0D       		.byte	0xd
 1118 0382 27       		.byte	0x27
 1119 0383 14       		.uleb128 0x14
 1120 0384 46000000 		.4byte	.LASF35
 1121 0388 46000000 		.4byte	.LASF35
 1122 038c 0C       		.byte	0xc
 1123 038d 38       		.byte	0x38
 1124 038e 14       		.uleb128 0x14
 1125 038f 4E010000 		.4byte	.LASF36
 1126 0393 4E010000 		.4byte	.LASF36
 1127 0397 0E       		.byte	0xe
 1128 0398 18       		.byte	0x18
 1129 0399 14       		.uleb128 0x14
 1130 039a A6020000 		.4byte	.LASF37
 1131 039e A6020000 		.4byte	.LASF37
 1132 03a2 0F       		.byte	0xf
 1133 03a3 18       		.byte	0x18
 1134 03a4 14       		.uleb128 0x14
 1135 03a5 D5010000 		.4byte	.LASF38
 1136 03a9 D5010000 		.4byte	.LASF38
 1137 03ad 0C       		.byte	0xc
 1138 03ae 3D       		.byte	0x3d
 1139 03af 14       		.uleb128 0x14
 1140 03b0 70010000 		.4byte	.LASF39
 1141 03b4 70010000 		.4byte	.LASF39
 1142 03b8 0C       		.byte	0xc
 1143 03b9 3C       		.byte	0x3c
 1144 03ba 14       		.uleb128 0x14
 1145 03bb E2010000 		.4byte	.LASF40
 1146 03bf E2010000 		.4byte	.LASF40
 1147 03c3 0C       		.byte	0xc
 1148 03c4 61       		.byte	0x61
 1149 03c5 00       		.byte	0
 1150              		.section	.debug_abbrev,"",%progbits
 1151              	.Ldebug_abbrev0:
 1152 0000 01       		.uleb128 0x1
 1153 0001 11       		.uleb128 0x11
 1154 0002 01       		.byte	0x1
 1155 0003 25       		.uleb128 0x25
 1156 0004 0E       		.uleb128 0xe
 1157 0005 13       		.uleb128 0x13
 1158 0006 0B       		.uleb128 0xb
 1159 0007 03       		.uleb128 0x3
 1160 0008 0E       		.uleb128 0xe
 1161 0009 1B       		.uleb128 0x1b
 1162 000a 0E       		.uleb128 0xe
 1163 000b 55       		.uleb128 0x55
 1164 000c 17       		.uleb128 0x17
 1165 000d 11       		.uleb128 0x11
ARM GAS  C:\Users\quiqu\AppData\Local\Temp\ccAcHIKa.s 			page 26


 1166 000e 01       		.uleb128 0x1
 1167 000f 10       		.uleb128 0x10
 1168 0010 17       		.uleb128 0x17
 1169 0011 00       		.byte	0
 1170 0012 00       		.byte	0
 1171 0013 02       		.uleb128 0x2
 1172 0014 24       		.uleb128 0x24
 1173 0015 00       		.byte	0
 1174 0016 0B       		.uleb128 0xb
 1175 0017 0B       		.uleb128 0xb
 1176 0018 3E       		.uleb128 0x3e
 1177 0019 0B       		.uleb128 0xb
 1178 001a 03       		.uleb128 0x3
 1179 001b 0E       		.uleb128 0xe
 1180 001c 00       		.byte	0
 1181 001d 00       		.byte	0
 1182 001e 03       		.uleb128 0x3
 1183 001f 16       		.uleb128 0x16
 1184 0020 00       		.byte	0
 1185 0021 03       		.uleb128 0x3
 1186 0022 0E       		.uleb128 0xe
 1187 0023 3A       		.uleb128 0x3a
 1188 0024 0B       		.uleb128 0xb
 1189 0025 3B       		.uleb128 0x3b
 1190 0026 0B       		.uleb128 0xb
 1191 0027 49       		.uleb128 0x49
 1192 0028 13       		.uleb128 0x13
 1193 0029 00       		.byte	0
 1194 002a 00       		.byte	0
 1195 002b 04       		.uleb128 0x4
 1196 002c 24       		.uleb128 0x24
 1197 002d 00       		.byte	0
 1198 002e 0B       		.uleb128 0xb
 1199 002f 0B       		.uleb128 0xb
 1200 0030 3E       		.uleb128 0x3e
 1201 0031 0B       		.uleb128 0xb
 1202 0032 03       		.uleb128 0x3
 1203 0033 08       		.uleb128 0x8
 1204 0034 00       		.byte	0
 1205 0035 00       		.byte	0
 1206 0036 05       		.uleb128 0x5
 1207 0037 16       		.uleb128 0x16
 1208 0038 00       		.byte	0
 1209 0039 03       		.uleb128 0x3
 1210 003a 0E       		.uleb128 0xe
 1211 003b 3A       		.uleb128 0x3a
 1212 003c 0B       		.uleb128 0xb
 1213 003d 3B       		.uleb128 0x3b
 1214 003e 05       		.uleb128 0x5
 1215 003f 49       		.uleb128 0x49
 1216 0040 13       		.uleb128 0x13
 1217 0041 00       		.byte	0
 1218 0042 00       		.byte	0
 1219 0043 06       		.uleb128 0x6
 1220 0044 2E       		.uleb128 0x2e
 1221 0045 00       		.byte	0
 1222 0046 3F       		.uleb128 0x3f
ARM GAS  C:\Users\quiqu\AppData\Local\Temp\ccAcHIKa.s 			page 27


 1223 0047 19       		.uleb128 0x19
 1224 0048 03       		.uleb128 0x3
 1225 0049 0E       		.uleb128 0xe
 1226 004a 3A       		.uleb128 0x3a
 1227 004b 0B       		.uleb128 0xb
 1228 004c 3B       		.uleb128 0x3b
 1229 004d 0B       		.uleb128 0xb
 1230 004e 27       		.uleb128 0x27
 1231 004f 19       		.uleb128 0x19
 1232 0050 11       		.uleb128 0x11
 1233 0051 01       		.uleb128 0x1
 1234 0052 12       		.uleb128 0x12
 1235 0053 06       		.uleb128 0x6
 1236 0054 40       		.uleb128 0x40
 1237 0055 18       		.uleb128 0x18
 1238 0056 9742     		.uleb128 0x2117
 1239 0058 19       		.uleb128 0x19
 1240 0059 00       		.byte	0
 1241 005a 00       		.byte	0
 1242 005b 07       		.uleb128 0x7
 1243 005c 2E       		.uleb128 0x2e
 1244 005d 01       		.byte	0x1
 1245 005e 3F       		.uleb128 0x3f
 1246 005f 19       		.uleb128 0x19
 1247 0060 03       		.uleb128 0x3
 1248 0061 0E       		.uleb128 0xe
 1249 0062 3A       		.uleb128 0x3a
 1250 0063 0B       		.uleb128 0xb
 1251 0064 3B       		.uleb128 0x3b
 1252 0065 0B       		.uleb128 0xb
 1253 0066 11       		.uleb128 0x11
 1254 0067 01       		.uleb128 0x1
 1255 0068 12       		.uleb128 0x12
 1256 0069 06       		.uleb128 0x6
 1257 006a 40       		.uleb128 0x40
 1258 006b 18       		.uleb128 0x18
 1259 006c 9742     		.uleb128 0x2117
 1260 006e 19       		.uleb128 0x19
 1261 006f 01       		.uleb128 0x1
 1262 0070 13       		.uleb128 0x13
 1263 0071 00       		.byte	0
 1264 0072 00       		.byte	0
 1265 0073 08       		.uleb128 0x8
 1266 0074 898201   		.uleb128 0x4109
 1267 0077 00       		.byte	0
 1268 0078 11       		.uleb128 0x11
 1269 0079 01       		.uleb128 0x1
 1270 007a 31       		.uleb128 0x31
 1271 007b 13       		.uleb128 0x13
 1272 007c 00       		.byte	0
 1273 007d 00       		.byte	0
 1274 007e 09       		.uleb128 0x9
 1275 007f 2E       		.uleb128 0x2e
 1276 0080 01       		.byte	0x1
 1277 0081 3F       		.uleb128 0x3f
 1278 0082 19       		.uleb128 0x19
 1279 0083 03       		.uleb128 0x3
ARM GAS  C:\Users\quiqu\AppData\Local\Temp\ccAcHIKa.s 			page 28


 1280 0084 0E       		.uleb128 0xe
 1281 0085 3A       		.uleb128 0x3a
 1282 0086 0B       		.uleb128 0xb
 1283 0087 3B       		.uleb128 0x3b
 1284 0088 0B       		.uleb128 0xb
 1285 0089 27       		.uleb128 0x27
 1286 008a 19       		.uleb128 0x19
 1287 008b 11       		.uleb128 0x11
 1288 008c 01       		.uleb128 0x1
 1289 008d 12       		.uleb128 0x12
 1290 008e 06       		.uleb128 0x6
 1291 008f 40       		.uleb128 0x40
 1292 0090 18       		.uleb128 0x18
 1293 0091 9742     		.uleb128 0x2117
 1294 0093 19       		.uleb128 0x19
 1295 0094 01       		.uleb128 0x1
 1296 0095 13       		.uleb128 0x13
 1297 0096 00       		.byte	0
 1298 0097 00       		.byte	0
 1299 0098 0A       		.uleb128 0xa
 1300 0099 898201   		.uleb128 0x4109
 1301 009c 01       		.byte	0x1
 1302 009d 11       		.uleb128 0x11
 1303 009e 01       		.uleb128 0x1
 1304 009f 31       		.uleb128 0x31
 1305 00a0 13       		.uleb128 0x13
 1306 00a1 01       		.uleb128 0x1
 1307 00a2 13       		.uleb128 0x13
 1308 00a3 00       		.byte	0
 1309 00a4 00       		.byte	0
 1310 00a5 0B       		.uleb128 0xb
 1311 00a6 8A8201   		.uleb128 0x410a
 1312 00a9 00       		.byte	0
 1313 00aa 02       		.uleb128 0x2
 1314 00ab 18       		.uleb128 0x18
 1315 00ac 9142     		.uleb128 0x2111
 1316 00ae 18       		.uleb128 0x18
 1317 00af 00       		.byte	0
 1318 00b0 00       		.byte	0
 1319 00b1 0C       		.uleb128 0xc
 1320 00b2 898201   		.uleb128 0x4109
 1321 00b5 01       		.byte	0x1
 1322 00b6 11       		.uleb128 0x11
 1323 00b7 01       		.uleb128 0x1
 1324 00b8 31       		.uleb128 0x31
 1325 00b9 13       		.uleb128 0x13
 1326 00ba 00       		.byte	0
 1327 00bb 00       		.byte	0
 1328 00bc 0D       		.uleb128 0xd
 1329 00bd 2E       		.uleb128 0x2e
 1330 00be 01       		.byte	0x1
 1331 00bf 3F       		.uleb128 0x3f
 1332 00c0 19       		.uleb128 0x19
 1333 00c1 03       		.uleb128 0x3
 1334 00c2 0E       		.uleb128 0xe
 1335 00c3 3A       		.uleb128 0x3a
 1336 00c4 0B       		.uleb128 0xb
ARM GAS  C:\Users\quiqu\AppData\Local\Temp\ccAcHIKa.s 			page 29


 1337 00c5 3B       		.uleb128 0x3b
 1338 00c6 0B       		.uleb128 0xb
 1339 00c7 49       		.uleb128 0x49
 1340 00c8 13       		.uleb128 0x13
 1341 00c9 8701     		.uleb128 0x87
 1342 00cb 19       		.uleb128 0x19
 1343 00cc 11       		.uleb128 0x11
 1344 00cd 01       		.uleb128 0x1
 1345 00ce 12       		.uleb128 0x12
 1346 00cf 06       		.uleb128 0x6
 1347 00d0 40       		.uleb128 0x40
 1348 00d1 18       		.uleb128 0x18
 1349 00d2 9742     		.uleb128 0x2117
 1350 00d4 19       		.uleb128 0x19
 1351 00d5 01       		.uleb128 0x1
 1352 00d6 13       		.uleb128 0x13
 1353 00d7 00       		.byte	0
 1354 00d8 00       		.byte	0
 1355 00d9 0E       		.uleb128 0xe
 1356 00da 34       		.uleb128 0x34
 1357 00db 00       		.byte	0
 1358 00dc 03       		.uleb128 0x3
 1359 00dd 0E       		.uleb128 0xe
 1360 00de 3A       		.uleb128 0x3a
 1361 00df 0B       		.uleb128 0xb
 1362 00e0 3B       		.uleb128 0x3b
 1363 00e1 05       		.uleb128 0x5
 1364 00e2 49       		.uleb128 0x49
 1365 00e3 13       		.uleb128 0x13
 1366 00e4 3F       		.uleb128 0x3f
 1367 00e5 19       		.uleb128 0x19
 1368 00e6 3C       		.uleb128 0x3c
 1369 00e7 19       		.uleb128 0x19
 1370 00e8 00       		.byte	0
 1371 00e9 00       		.byte	0
 1372 00ea 0F       		.uleb128 0xf
 1373 00eb 35       		.uleb128 0x35
 1374 00ec 00       		.byte	0
 1375 00ed 49       		.uleb128 0x49
 1376 00ee 13       		.uleb128 0x13
 1377 00ef 00       		.byte	0
 1378 00f0 00       		.byte	0
 1379 00f1 10       		.uleb128 0x10
 1380 00f2 34       		.uleb128 0x34
 1381 00f3 00       		.byte	0
 1382 00f4 03       		.uleb128 0x3
 1383 00f5 0E       		.uleb128 0xe
 1384 00f6 3A       		.uleb128 0x3a
 1385 00f7 0B       		.uleb128 0xb
 1386 00f8 3B       		.uleb128 0x3b
 1387 00f9 0B       		.uleb128 0xb
 1388 00fa 49       		.uleb128 0x49
 1389 00fb 13       		.uleb128 0x13
 1390 00fc 3F       		.uleb128 0x3f
 1391 00fd 19       		.uleb128 0x19
 1392 00fe 02       		.uleb128 0x2
 1393 00ff 18       		.uleb128 0x18
ARM GAS  C:\Users\quiqu\AppData\Local\Temp\ccAcHIKa.s 			page 30


 1394 0100 00       		.byte	0
 1395 0101 00       		.byte	0
 1396 0102 11       		.uleb128 0x11
 1397 0103 34       		.uleb128 0x34
 1398 0104 00       		.byte	0
 1399 0105 03       		.uleb128 0x3
 1400 0106 08       		.uleb128 0x8
 1401 0107 3A       		.uleb128 0x3a
 1402 0108 0B       		.uleb128 0xb
 1403 0109 3B       		.uleb128 0x3b
 1404 010a 0B       		.uleb128 0xb
 1405 010b 49       		.uleb128 0x49
 1406 010c 13       		.uleb128 0x13
 1407 010d 3F       		.uleb128 0x3f
 1408 010e 19       		.uleb128 0x19
 1409 010f 02       		.uleb128 0x2
 1410 0110 18       		.uleb128 0x18
 1411 0111 00       		.byte	0
 1412 0112 00       		.byte	0
 1413 0113 12       		.uleb128 0x12
 1414 0114 01       		.uleb128 0x1
 1415 0115 01       		.byte	0x1
 1416 0116 49       		.uleb128 0x49
 1417 0117 13       		.uleb128 0x13
 1418 0118 01       		.uleb128 0x1
 1419 0119 13       		.uleb128 0x13
 1420 011a 00       		.byte	0
 1421 011b 00       		.byte	0
 1422 011c 13       		.uleb128 0x13
 1423 011d 21       		.uleb128 0x21
 1424 011e 00       		.byte	0
 1425 011f 49       		.uleb128 0x49
 1426 0120 13       		.uleb128 0x13
 1427 0121 2F       		.uleb128 0x2f
 1428 0122 0B       		.uleb128 0xb
 1429 0123 00       		.byte	0
 1430 0124 00       		.byte	0
 1431 0125 14       		.uleb128 0x14
 1432 0126 2E       		.uleb128 0x2e
 1433 0127 00       		.byte	0
 1434 0128 3F       		.uleb128 0x3f
 1435 0129 19       		.uleb128 0x19
 1436 012a 3C       		.uleb128 0x3c
 1437 012b 19       		.uleb128 0x19
 1438 012c 6E       		.uleb128 0x6e
 1439 012d 0E       		.uleb128 0xe
 1440 012e 03       		.uleb128 0x3
 1441 012f 0E       		.uleb128 0xe
 1442 0130 3A       		.uleb128 0x3a
 1443 0131 0B       		.uleb128 0xb
 1444 0132 3B       		.uleb128 0x3b
 1445 0133 0B       		.uleb128 0xb
 1446 0134 00       		.byte	0
 1447 0135 00       		.byte	0
 1448 0136 00       		.byte	0
 1449              		.section	.debug_aranges,"",%progbits
 1450 0000 34000000 		.4byte	0x34
ARM GAS  C:\Users\quiqu\AppData\Local\Temp\ccAcHIKa.s 			page 31


 1451 0004 0200     		.2byte	0x2
 1452 0006 00000000 		.4byte	.Ldebug_info0
 1453 000a 04       		.byte	0x4
 1454 000b 00       		.byte	0
 1455 000c 0000     		.2byte	0
 1456 000e 0000     		.2byte	0
 1457 0010 00000000 		.4byte	.LFB64
 1458 0014 10000000 		.4byte	.LFE64-.LFB64
 1459 0018 00000000 		.4byte	.LFB63
 1460 001c 00020000 		.4byte	.LFE63-.LFB63
 1461 0020 00000000 		.4byte	.LFB65
 1462 0024 74000000 		.4byte	.LFE65-.LFB65
 1463 0028 00000000 		.4byte	.LFB66
 1464 002c 7C000000 		.4byte	.LFE66-.LFB66
 1465 0030 00000000 		.4byte	0
 1466 0034 00000000 		.4byte	0
 1467              		.section	.debug_ranges,"",%progbits
 1468              	.Ldebug_ranges0:
 1469 0000 00000000 		.4byte	.LFB64
 1470 0004 10000000 		.4byte	.LFE64
 1471 0008 00000000 		.4byte	.LFB63
 1472 000c 00020000 		.4byte	.LFE63
 1473 0010 00000000 		.4byte	.LFB65
 1474 0014 74000000 		.4byte	.LFE65
 1475 0018 00000000 		.4byte	.LFB66
 1476 001c 7C000000 		.4byte	.LFE66
 1477 0020 00000000 		.4byte	0
 1478 0024 00000000 		.4byte	0
 1479              		.section	.debug_line,"",%progbits
 1480              	.Ldebug_line0:
 1481 0000 DC030000 		.section	.debug_str,"MS",%progbits,1
 1481      02003802 
 1481      00000201 
 1481      FB0E0D00 
 1481      01010101 
 1482              	.LASF34:
 1483 0000 74696D65 		.ascii	"timer_clock_Start\000"
 1483      725F636C 
 1483      6F636B5F 
 1483      53746172 
 1483      7400
 1484              	.LASF45:
 1485 0012 4C656572 		.ascii	"LeerTecla\000"
 1485      5465636C 
 1485      6100
 1486              	.LASF9:
 1487 001c 5F5F696E 		.ascii	"__int32_t\000"
 1487      7433325F 
 1487      7400
 1488              	.LASF20:
 1489 0026 64617461 		.ascii	"data_C\000"
 1489      5F4300
 1490              	.LASF29:
 1491 002d 44617461 		.ascii	"Data_B_Read\000"
 1491      5F425F52 
 1491      65616400 
 1492              	.LASF21:
ARM GAS  C:\Users\quiqu\AppData\Local\Temp\ccAcHIKa.s 			page 32


 1493 0039 64617461 		.ascii	"data_B\000"
 1493      5F4200
 1494              	.LASF12:
 1495 0040 666C6F61 		.ascii	"float\000"
 1495      7400
 1496              	.LASF35:
 1497 0046 4C43445F 		.ascii	"LCD_Start\000"
 1497      53746172 
 1497      7400
 1498              	.LASF44:
 1499 0050 54656D70 		.ascii	"Temporizador\000"
 1499      6F72697A 
 1499      61646F72 
 1499      00
 1500              	.LASF1:
 1501 005d 756E7369 		.ascii	"unsigned char\000"
 1501      676E6564 
 1501      20636861 
 1501      7200
 1502              	.LASF41:
 1503 006b 474E5520 		.ascii	"GNU C11 5.4.1 20160609 (release) [ARM/embedded-5-br"
 1503      43313120 
 1503      352E342E 
 1503      31203230 
 1503      31363036 
 1504 009e 616E6368 		.ascii	"anch revision 237715] -mcpu=cortex-m3 -mthumb -g -O"
 1504      20726576 
 1504      6973696F 
 1504      6E203233 
 1504      37373135 
 1505 00d1 67202D66 		.ascii	"g -ffunction-sections -ffat-lto-objects\000"
 1505      66756E63 
 1505      74696F6E 
 1505      2D736563 
 1505      74696F6E 
 1506              	.LASF14:
 1507 00f9 63686172 		.ascii	"char8\000"
 1507      3800
 1508              	.LASF46:
 1509 00ff 4C656572 		.ascii	"LeerTeclaInt\000"
 1509      5465636C 
 1509      61496E74 
 1509      00
 1510              	.LASF5:
 1511 010c 6C6F6E67 		.ascii	"long unsigned int\000"
 1511      20756E73 
 1511      69676E65 
 1511      6420696E 
 1511      7400
 1512              	.LASF3:
 1513 011e 73686F72 		.ascii	"short unsigned int\000"
 1513      7420756E 
 1513      7369676E 
 1513      65642069 
 1513      6E7400
 1514              	.LASF30:
 1515 0131 44617461 		.ascii	"Data_A_LSB_Read\000"
ARM GAS  C:\Users\quiqu\AppData\Local\Temp\ccAcHIKa.s 			page 33


 1515      5F415F4C 
 1515      53425F52 
 1515      65616400 
 1516              	.LASF18:
 1517 0141 49544D5F 		.ascii	"ITM_RxBuffer\000"
 1517      52784275 
 1517      66666572 
 1517      00
 1518              	.LASF36:
 1519 014e 50756C69 		.ascii	"Pulisr_StartEx\000"
 1519      73725F53 
 1519      74617274 
 1519      457800
 1520              	.LASF13:
 1521 015d 646F7562 		.ascii	"double\000"
 1521      6C6500
 1522              	.LASF11:
 1523 0164 75696E74 		.ascii	"uint16\000"
 1523      313600
 1524              	.LASF47:
 1525 016b 6D61696E 		.ascii	"main\000"
 1525      00
 1526              	.LASF39:
 1527 0170 4C43445F 		.ascii	"LCD_PrintString\000"
 1527      5072696E 
 1527      74537472 
 1527      696E6700 
 1528              	.LASF23:
 1529 0180 6375656E 		.ascii	"cuenta\000"
 1529      746100
 1530              	.LASF25:
 1531 0187 6E756D65 		.ascii	"numero\000"
 1531      726F00
 1532              	.LASF32:
 1533 018e 54696D65 		.ascii	"Timer_Start\000"
 1533      725F5374 
 1533      61727400 
 1534              	.LASF22:
 1535 019a 64617461 		.ascii	"data_A_LSB\000"
 1535      5F415F4C 
 1535      534200
 1536              	.LASF8:
 1537 01a5 756E7369 		.ascii	"unsigned int\000"
 1537      676E6564 
 1537      20696E74 
 1537      00
 1538              	.LASF28:
 1539 01b2 44617461 		.ascii	"Data_C_Read\000"
 1539      5F435F52 
 1539      65616400 
 1540              	.LASF7:
 1541 01be 6C6F6E67 		.ascii	"long long unsigned int\000"
 1541      206C6F6E 
 1541      6720756E 
 1541      7369676E 
 1541      65642069 
 1542              	.LASF38:
ARM GAS  C:\Users\quiqu\AppData\Local\Temp\ccAcHIKa.s 			page 34


 1543 01d5 4C43445F 		.ascii	"LCD_Position\000"
 1543      506F7369 
 1543      74696F6E 
 1543      00
 1544              	.LASF40:
 1545 01e2 4C43445F 		.ascii	"LCD_PrintU32Number\000"
 1545      5072696E 
 1545      74553332 
 1545      4E756D62 
 1545      657200
 1546              	.LASF19:
 1547 01f5 64617461 		.ascii	"data_D_MSB\000"
 1547      5F445F4D 
 1547      534200
 1548              	.LASF31:
 1549 0200 61746F69 		.ascii	"atoi\000"
 1549      00
 1550              	.LASF10:
 1551 0205 696E7433 		.ascii	"int32_t\000"
 1551      325F7400 
 1552              	.LASF17:
 1553 020d 73697A65 		.ascii	"sizetype\000"
 1553      74797065 
 1553      00
 1554              	.LASF6:
 1555 0216 6C6F6E67 		.ascii	"long long int\000"
 1555      206C6F6E 
 1555      6720696E 
 1555      7400
 1556              	.LASF42:
 1557 0224 6D61696E 		.ascii	"main.c\000"
 1557      2E6300
 1558              	.LASF24:
 1559 022b 6E756D65 		.ascii	"numeroint\000"
 1559      726F696E 
 1559      7400
 1560              	.LASF33:
 1561 0235 4C43445F 		.ascii	"LCD_WriteControl\000"
 1561      57726974 
 1561      65436F6E 
 1561      74726F6C 
 1561      00
 1562              	.LASF43:
 1563 0246 433A5C50 		.ascii	"C:\\PSoC5LP\\Proyectos_Alarma_T2\\Teclado_Matricial"
 1563      536F4335 
 1563      4C505C50 
 1563      726F7965 
 1563      63746F73 
 1564 0276 5F312E63 		.ascii	"_1.cydsn\000"
 1564      7964736E 
 1564      00
 1565              	.LASF27:
 1566 027f 44617461 		.ascii	"Data_D_MSB_Read\000"
 1566      5F445F4D 
 1566      53425F52 
 1566      65616400 
 1567              	.LASF2:
ARM GAS  C:\Users\quiqu\AppData\Local\Temp\ccAcHIKa.s 			page 35


 1568 028f 73686F72 		.ascii	"short int\000"
 1568      7420696E 
 1568      7400
 1569              	.LASF26:
 1570 0299 4B657970 		.ascii	"Keypad_1_Key\000"
 1570      61645F31 
 1570      5F4B6579 
 1570      00
 1571              	.LASF37:
 1572 02a6 69737274 		.ascii	"isrtiempo_StartEx\000"
 1572      69656D70 
 1572      6F5F5374 
 1572      61727445 
 1572      7800
 1573              	.LASF4:
 1574 02b8 6C6F6E67 		.ascii	"long int\000"
 1574      20696E74 
 1574      00
 1575              	.LASF15:
 1576 02c1 63686172 		.ascii	"char\000"
 1576      00
 1577              	.LASF16:
 1578 02c6 6C6F6E67 		.ascii	"long double\000"
 1578      20646F75 
 1578      626C6500 
 1579              	.LASF0:
 1580 02d2 7369676E 		.ascii	"signed char\000"
 1580      65642063 
 1580      68617200 
 1581              		.ident	"GCC: (GNU Tools for ARM Embedded Processors) 5.4.1 20160609 (release) [ARM/embedded-5-bran
